0 verbose cli /opt/homebrew/Cellar/node/23.6.1/bin/node /opt/homebrew/bin/npm
1 info using npm@11.1.0
2 info using node@v23.6.1
3 silly config load:file:/opt/homebrew/lib/node_modules/npm/npmrc
4 silly config load:file:/Users/adityasenthil/PersonalProjects/Google_Detroit_Hackathon/safelease-frontend/.npmrc
5 silly config load:file:/Users/adityasenthil/.npmrc
6 silly config load:file:/opt/homebrew/etc/npmrc
7 verbose title npm install
8 verbose argv "install"
9 verbose logfile logs-max:10 dir:/Users/adityasenthil/PersonalProjects/Google_Detroit_Hackathon/safelease-frontend/.npm/_logs/2026-04-10T15_46_58_975Z-
10 verbose logfile /Users/adityasenthil/PersonalProjects/Google_Detroit_Hackathon/safelease-frontend/.npm/_logs/2026-04-10T15_46_58_975Z-debug-0.log
11 silly logfile done cleaning log files
12 silly packumentCache heap:4345298944 maxSize:1086324736 maxEntrySize:543162368
13 silly idealTree buildDeps
14 silly reify moves {}
15 silly audit bulk request {
15 silly audit   '@babel/code-frame': [ '7.29.0' ],
15 silly audit   '@babel/compat-data': [ '7.29.0' ],
15 silly audit   '@babel/core': [ '7.29.0' ],
15 silly audit   '@babel/generator': [ '7.29.1' ],
15 silly audit   '@babel/helper-compilation-targets': [ '7.28.6' ],
15 silly audit   '@babel/helper-globals': [ '7.28.0' ],
15 silly audit   '@babel/helper-module-imports': [ '7.28.6' ],
15 silly audit   '@babel/helper-module-transforms': [ '7.28.6' ],
15 silly audit   '@babel/helper-string-parser': [ '7.27.1' ],
15 silly audit   '@babel/helper-validator-identifier': [ '7.28.5' ],
15 silly audit   '@babel/helper-validator-option': [ '7.27.1' ],
15 silly audit   '@babel/helpers': [ '7.29.2' ],
15 silly audit   '@babel/parser': [ '7.29.2' ],
15 silly audit   '@babel/template': [ '7.28.6' ],
15 silly audit   '@babel/traverse': [ '7.29.0' ],
15 silly audit   '@babel/types': [ '7.29.0' ],
15 silly audit   '@emnapi/core': [ '1.9.2' ],
15 silly audit   '@emnapi/runtime': [ '1.9.2' ],
15 silly audit   '@emnapi/wasi-threads': [ '1.2.1' ],
15 silly audit   '@eslint-community/eslint-utils': [ '4.9.1' ],
15 silly audit   'eslint-visitor-keys': [ '3.4.3', '4.2.1' ],
15 silly audit   '@eslint-community/regexpp': [ '4.12.2' ],
15 silly audit   '@eslint/config-array': [ '0.21.2' ],
15 silly audit   '@eslint/config-helpers': [ '0.4.2' ],
15 silly audit   '@eslint/core': [ '0.17.0' ],
15 silly audit   '@eslint/eslintrc': [ '3.3.5' ],
15 silly audit   globals: [ '14.0.0', '17.4.0' ],
15 silly audit   '@eslint/js': [ '9.39.4' ],
15 silly audit   '@eslint/object-schema': [ '2.1.7' ],
15 silly audit   '@eslint/plugin-kit': [ '0.4.1' ],
15 silly audit   '@humanfs/core': [ '0.19.1' ],
15 silly audit   '@humanfs/node': [ '0.16.7' ],
15 silly audit   '@humanwhocodes/module-importer': [ '1.0.1' ],
15 silly audit   '@humanwhocodes/retry': [ '0.4.3' ],
15 silly audit   '@jridgewell/gen-mapping': [ '0.3.13' ],
15 silly audit   '@jridgewell/remapping': [ '2.3.5' ],
15 silly audit   '@jridgewell/resolve-uri': [ '3.1.2' ],
15 silly audit   '@jridgewell/sourcemap-codec': [ '1.5.5' ],
15 silly audit   '@jridgewell/trace-mapping': [ '0.3.31' ],
15 silly audit   '@napi-rs/wasm-runtime': [ '1.1.3' ],
15 silly audit   '@oxc-project/types': [ '0.124.0' ],
15 silly audit   '@rolldown/binding-android-arm64': [ '1.0.0-rc.15' ],
15 silly audit   '@rolldown/binding-darwin-arm64': [ '1.0.0-rc.15' ],
15 silly audit   '@rolldown/binding-darwin-x64': [ '1.0.0-rc.15' ],
15 silly audit   '@rolldown/binding-freebsd-x64': [ '1.0.0-rc.15' ],
15 silly audit   '@rolldown/binding-linux-arm-gnueabihf': [ '1.0.0-rc.15' ],
15 silly audit   '@rolldown/binding-linux-arm64-gnu': [ '1.0.0-rc.15' ],
15 silly audit   '@rolldown/binding-linux-arm64-musl': [ '1.0.0-rc.15' ],
15 silly audit   '@rolldown/binding-linux-ppc64-gnu': [ '1.0.0-rc.15' ],
15 silly audit   '@rolldown/binding-linux-s390x-gnu': [ '1.0.0-rc.15' ],
15 silly audit   '@rolldown/binding-linux-x64-gnu': [ '1.0.0-rc.15' ],
15 silly audit   '@rolldown/binding-linux-x64-musl': [ '1.0.0-rc.15' ],
15 silly audit   '@rolldown/binding-openharmony-arm64': [ '1.0.0-rc.15' ],
15 silly audit   '@rolldown/binding-wasm32-wasi': [ '1.0.0-rc.15' ],
15 silly audit   '@rolldown/binding-win32-arm64-msvc': [ '1.0.0-rc.15' ],
15 silly audit   '@rolldown/binding-win32-x64-msvc': [ '1.0.0-rc.15' ],
15 silly audit   '@rolldown/pluginutils': [ '1.0.0-rc.7', '1.0.0-rc.15' ],
15 silly audit   '@tybys/wasm-util': [ '0.10.1' ],
15 silly audit   '@types/estree': [ '1.0.8' ],
15 silly audit   '@types/json-schema': [ '7.0.15' ],
15 silly audit   '@types/react': [ '19.2.14' ],
15 silly audit   '@types/react-dom': [ '19.2.3' ],
15 silly audit   '@vitejs/plugin-react': [ '6.0.1' ],
15 silly audit   acorn: [ '8.16.0' ],
15 silly audit   'acorn-jsx': [ '5.3.2' ],
15 silly audit   ajv: [ '6.14.0' ],
15 silly audit   'ansi-styles': [ '4.3.0' ],
15 silly audit   argparse: [ '2.0.1' ],
15 silly audit   'balanced-match': [ '1.0.2' ],
15 silly audit   'baseline-browser-mapping': [ '2.10.17' ],
15 silly audit   'brace-expansion': [ '1.1.13' ],
15 silly audit   browserslist: [ '4.28.2' ],
15 silly audit   callsites: [ '3.1.0' ],
15 silly audit   'caniuse-lite': [ '1.0.30001787' ],
15 silly audit   chalk: [ '4.1.2' ],
15 silly audit   'color-convert': [ '2.0.1' ],
15 silly audit   'color-name': [ '1.1.4' ],
15 silly audit   'concat-map': [ '0.0.1' ],
15 silly audit   'convert-source-map': [ '2.0.0' ],
15 silly audit   'cross-spawn': [ '7.0.6' ],
15 silly audit   csstype: [ '3.2.3' ],
15 silly audit   debug: [ '4.4.3' ],
15 silly audit   'deep-is': [ '0.1.4' ],
15 silly audit   'detect-libc': [ '2.1.2' ],
15 silly audit   'electron-to-chromium': [ '1.5.334' ],
15 silly audit   escalade: [ '3.2.0' ],
15 silly audit   'escape-string-regexp': [ '4.0.0' ],
15 silly audit   eslint: [ '9.39.4' ],
15 silly audit   'eslint-plugin-react-hooks': [ '7.0.1' ],
15 silly audit   'eslint-plugin-react-refresh': [ '0.5.2' ],
15 silly audit   'eslint-scope': [ '8.4.0' ],
15 silly audit   espree: [ '10.4.0' ],
15 silly audit   esquery: [ '1.7.0' ],
15 silly audit   esrecurse: [ '4.3.0' ],
15 silly audit   estraverse: [ '5.3.0' ],
15 silly audit   esutils: [ '2.0.3' ],
15 silly audit   'fast-deep-equal': [ '3.1.3' ],
15 silly audit   'fast-json-stable-stringify': [ '2.1.0' ],
15 silly audit   'fast-levenshtein': [ '2.0.6' ],
15 silly audit   fdir: [ '6.5.0' ],
15 silly audit   'file-entry-cache': [ '8.0.0' ],
15 silly audit   'find-up': [ '5.0.0' ],
15 silly audit   'flat-cache': [ '4.0.1' ],
15 silly audit   flatted: [ '3.4.2' ],
15 silly audit   fsevents: [ '2.3.3' ],
15 silly audit   gensync: [ '1.0.0-beta.2' ],
15 silly audit   'glob-parent': [ '6.0.2' ],
15 silly audit   'has-flag': [ '4.0.0' ],
15 silly audit   'hermes-estree': [ '0.25.1' ],
15 silly audit   'hermes-parser': [ '0.25.1' ],
15 silly audit   ignore: [ '5.3.2' ],
15 silly audit   'import-fresh': [ '3.3.1' ],
15 silly audit   imurmurhash: [ '0.1.4' ],
15 silly audit   'is-extglob': [ '2.1.1' ],
15 silly audit   'is-glob': [ '4.0.3' ],
15 silly audit   isexe: [ '2.0.0' ],
15 silly audit   'js-tokens': [ '4.0.0' ],
15 silly audit   'js-yaml': [ '4.1.1' ],
15 silly audit   jsesc: [ '3.1.0' ],
15 silly audit   'json-buffer': [ '3.0.1' ],
15 silly audit   'json-schema-traverse': [ '0.4.1' ],
15 silly audit   'json-stable-stringify-without-jsonify': [ '1.0.1' ],
15 silly audit   json5: [ '2.2.3' ],
15 silly audit   keyv: [ '4.5.4' ],
15 silly audit   levn: [ '0.4.1' ],
15 silly audit   lightningcss: [ '1.32.0' ],
15 silly audit   'lightningcss-android-arm64': [ '1.32.0' ],
15 silly audit   'lightningcss-darwin-arm64': [ '1.32.0' ],
15 silly audit   'lightningcss-darwin-x64': [ '1.32.0' ],
15 silly audit   'lightningcss-freebsd-x64': [ '1.32.0' ],
15 silly audit   'lightningcss-linux-arm-gnueabihf': [ '1.32.0' ],
15 silly audit   'lightningcss-linux-arm64-gnu': [ '1.32.0' ],
15 silly audit   'lightningcss-linux-arm64-musl': [ '1.32.0' ],
15 silly audit   'lightningcss-linux-x64-gnu': [ '1.32.0' ],
15 silly audit   'lightningcss-linux-x64-musl': [ '1.32.0' ],
15 silly audit   'lightningcss-win32-arm64-msvc': [ '1.32.0' ],
15 silly audit   'lightningcss-win32-x64-msvc': [ '1.32.0' ],
15 silly audit   'locate-path': [ '6.0.0' ],
15 silly audit   'lodash.merge': [ '4.6.2' ],
15 silly audit   'lru-cache': [ '5.1.1' ],
15 silly audit   minimatch: [ '3.1.5' ],
15 silly audit   ms: [ '2.1.3' ],
15 silly audit   nanoid: [ '3.3.11' ],
15 silly audit   'natural-compare': [ '1.4.0' ],
15 silly audit   'node-releases': [ '2.0.37' ],
15 silly audit   optionator: [ '0.9.4' ],
15 silly audit   'p-limit': [ '3.1.0' ],
15 silly audit   'p-locate': [ '5.0.0' ],
15 silly audit   'parent-module': [ '1.0.1' ],
15 silly audit   'path-exists': [ '4.0.0' ],
15 silly audit   'path-key': [ '3.1.1' ],
15 silly audit   picocolors: [ '1.1.1' ],
15 silly audit   picomatch: [ '4.0.4' ],
15 silly audit   postcss: [ '8.5.9' ],
15 silly audit   'prelude-ls': [ '1.2.1' ],
15 silly audit   punycode: [ '2.3.1' ],
15 silly audit   react: [ '19.2.5' ],
15 silly audit   'react-dom': [ '19.2.5' ],
15 silly audit   'resolve-from': [ '4.0.0' ],
15 silly audit   rolldown: [ '1.0.0-rc.15' ],
15 silly audit   scheduler: [ '0.27.0' ],
15 silly audit   semver: [ '6.3.1' ],
15 silly audit   'shebang-command': [ '2.0.0' ],
15 silly audit   'shebang-regex': [ '3.0.0' ],
15 silly audit   'source-map-js': [ '1.2.1' ],
15 silly audit   'strip-json-comments': [ '3.1.1' ],
15 silly audit   'supports-color': [ '7.2.0' ],
15 silly audit   tinyglobby: [ '0.2.16' ],
15 silly audit   tslib: [ '2.8.1' ],
15 silly audit   'type-check': [ '0.4.0' ],
15 silly audit   'update-browserslist-db': [ '1.2.3' ],
15 silly audit   'uri-js': [ '4.4.1' ],
15 silly audit   vite: [ '8.0.8' ],
15 silly audit   which: [ '2.0.2' ],
15 silly audit   'word-wrap': [ '1.2.5' ],
15 silly audit   yallist: [ '3.1.1' ],
15 silly audit   'yocto-queue': [ '0.1.0' ],
15 silly audit   zod: [ '4.3.6' ],
15 silly audit   'zod-validation-error': [ '4.0.2' ]
15 silly audit }
16 verbose reify failed optional dependency /Users/adityasenthil/PersonalProjects/Google_Detroit_Hackathon/safelease-frontend/node_modules/lightningcss-win32-x64-msvc
17 silly reify mark deleted [
17 silly reify   '/Users/adityasenthil/PersonalProjects/Google_Detroit_Hackathon/safelease-frontend/node_modules/lightningcss-win32-x64-msvc'
17 silly reify ]
18 verbose reify failed optional dependency /Users/adityasenthil/PersonalProjects/Google_Detroit_Hackathon/safelease-frontend/node_modules/lightningcss-win32-arm64-msvc
19 silly reify mark deleted [
19 silly reify   '/Users/adityasenthil/PersonalProjects/Google_Detroit_Hackathon/safelease-frontend/node_modules/lightningcss-win32-arm64-msvc'
19 silly reify ]
20 verbose reify failed optional dependency /Users/adityasenthil/PersonalProjects/Google_Detroit_Hackathon/safelease-frontend/node_modules/lightningcss-linux-x64-musl
21 silly reify mark deleted [
21 silly reify   '/Users/adityasenthil/PersonalProjects/Google_Detroit_Hackathon/safelease-frontend/node_modules/lightningcss-linux-x64-musl'
21 silly reify ]
22 verbose reify failed optional dependency /Users/adityasenthil/PersonalProjects/Google_Detroit_Hackathon/safelease-frontend/node_modules/lightningcss-linux-x64-gnu
23 silly reify mark deleted [
23 silly reify   '/Users/adityasenthil/PersonalProjects/Google_Detroit_Hackathon/safelease-frontend/node_modules/lightningcss-linux-x64-gnu'
23 silly reify ]
24 verbose reify failed optional dependency /Users/adityasenthil/PersonalProjects/Google_Detroit_Hackathon/safelease-frontend/node_modules/lightningcss-linux-arm64-musl
25 silly reify mark deleted [
25 silly reify   '/Users/adityasenthil/PersonalProjects/Google_Detroit_Hackathon/safelease-frontend/node_modules/lightningcss-linux-arm64-musl'
25 silly reify ]
26 verbose reify failed optional dependency /Users/adityasenthil/PersonalProjects/Google_Detroit_Hackathon/safelease-frontend/node_modules/lightningcss-linux-arm64-gnu
27 silly reify mark deleted [
27 silly reify   '/Users/adityasenthil/PersonalProjects/Google_Detroit_Hackathon/safelease-frontend/node_modules/lightningcss-linux-arm64-gnu'
27 silly reify ]
28 verbose reify failed optional dependency /Users/adityasenthil/PersonalProjects/Google_Detroit_Hackathon/safelease-frontend/node_modules/lightningcss-linux-arm-gnueabihf
29 silly reify mark deleted [
29 silly reify   '/Users/adityasenthil/PersonalProjects/Google_Detroit_Hackathon/safelease-frontend/node_modules/lightningcss-linux-arm-gnueabihf'
29 silly reify ]
30 verbose reify failed optional dependency /Users/adityasenthil/PersonalProjects/Google_Detroit_Hackathon/safelease-frontend/node_modules/lightningcss-freebsd-x64
31 silly reify mark deleted [
31 silly reify   '/Users/adityasenthil/PersonalProjects/Google_Detroit_Hackathon/safelease-frontend/node_modules/lightningcss-freebsd-x64'
31 silly reify ]
32 verbose reify failed optional dependency /Users/adityasenthil/PersonalProjects/Google_Detroit_Hackathon/safelease-frontend/node_modules/lightningcss-darwin-x64
33 silly reify mark deleted [
33 silly reify   '/Users/adityasenthil/PersonalProjects/Google_Detroit_Hackathon/safelease-frontend/node_modules/lightningcss-darwin-x64'
33 silly reify ]
34 verbose reify failed optional dependency /Users/adityasenthil/PersonalProjects/Google_Detroit_Hackathon/safelease-frontend/node_modules/lightningcss-android-arm64
35 silly reify mark deleted [
35 silly reify   '/Users/adityasenthil/PersonalProjects/Google_Detroit_Hackathon/safelease-frontend/node_modules/lightningcss-android-arm64'
35 silly reify ]
36 verbose reify failed optional dependency /Users/adityasenthil/PersonalProjects/Google_Detroit_Hackathon/safelease-frontend/node_modules/@rolldown/binding-win32-x64-msvc
37 silly reify mark deleted [
37 silly reify   '/Users/adityasenthil/PersonalProjects/Google_Detroit_Hackathon/safelease-frontend/node_modules/@rolldown/binding-win32-x64-msvc'
37 silly reify ]
38 verbose reify failed optional dependency /Users/adityasenthil/PersonalProjects/Google_Detroit_Hackathon/safelease-frontend/node_modules/@rolldown/binding-win32-arm64-msvc
39 silly reify mark deleted [
39 silly reify   '/Users/adityasenthil/PersonalProjects/Google_Detroit_Hackathon/safelease-frontend/node_modules/@rolldown/binding-win32-arm64-msvc'
39 silly reify ]
40 verbose reify failed optional dependency /Users/adityasenthil/PersonalProjects/Google_Detroit_Hackathon/safelease-frontend/node_modules/@rolldown/binding-wasm32-wasi
41 silly reify mark deleted [
41 silly reify   '/Users/adityasenthil/PersonalProjects/Google_Detroit_Hackathon/safelease-frontend/node_modules/@rolldown/binding-wasm32-wasi'
41 silly reify ]
42 verbose reify failed optional dependency /Users/adityasenthil/PersonalProjects/Google_Detroit_Hackathon/safelease-frontend/node_modules/@emnapi/core
43 silly reify mark deleted [
43 silly reify   '/Users/adityasenthil/PersonalProjects/Google_Detroit_Hackathon/safelease-frontend/node_modules/@emnapi/core'
43 silly reify ]
44 verbose reify failed optional dependency /Users/adityasenthil/PersonalProjects/Google_Detroit_Hackathon/safelease-frontend/node_modules/@emnapi/runtime
45 silly reify mark deleted [
45 silly reify   '/Users/adityasenthil/PersonalProjects/Google_Detroit_Hackathon/safelease-frontend/node_modules/@emnapi/runtime'
45 silly reify ]
46 verbose reify failed optional dependency /Users/adityasenthil/PersonalProjects/Google_Detroit_Hackathon/safelease-frontend/node_modules/@napi-rs/wasm-runtime
47 silly reify mark deleted [
47 silly reify   '/Users/adityasenthil/PersonalProjects/Google_Detroit_Hackathon/safelease-frontend/node_modules/@napi-rs/wasm-runtime'
47 silly reify ]
48 verbose reify failed optional dependency /Users/adityasenthil/PersonalProjects/Google_Detroit_Hackathon/safelease-frontend/node_modules/@emnapi/wasi-threads
49 silly reify mark deleted [
49 silly reify   '/Users/adityasenthil/PersonalProjects/Google_Detroit_Hackathon/safelease-frontend/node_modules/@emnapi/wasi-threads'
49 silly reify ]
50 verbose reify failed optional dependency /Users/adityasenthil/PersonalProjects/Google_Detroit_Hackathon/safelease-frontend/node_modules/tslib
51 silly reify mark deleted [
51 silly reify   '/Users/adityasenthil/PersonalProjects/Google_Detroit_Hackathon/safelease-frontend/node_modules/tslib'
51 silly reify ]
52 verbose reify failed optional dependency /Users/adityasenthil/PersonalProjects/Google_Detroit_Hackathon/safelease-frontend/node_modules/@tybys/wasm-util
53 silly reify mark deleted [
53 silly reify   '/Users/adityasenthil/PersonalProjects/Google_Detroit_Hackathon/safelease-frontend/node_modules/@tybys/wasm-util'
53 silly reify ]
54 verbose reify failed optional dependency /Users/adityasenthil/PersonalProjects/Google_Detroit_Hackathon/safelease-frontend/node_modules/@rolldown/binding-openharmony-arm64
55 silly reify mark deleted [
55 silly reify   '/Users/adityasenthil/PersonalProjects/Google_Detroit_Hackathon/safelease-frontend/node_modules/@rolldown/binding-openharmony-arm64'
55 silly reify ]
56 verbose reify failed optional dependency /Users/adityasenthil/PersonalProjects/Google_Detroit_Hackathon/safelease-frontend/node_modules/@rolldown/binding-linux-x64-musl
57 silly reify mark deleted [
57 silly reify   '/Users/adityasenthil/PersonalProjects/Google_Detroit_Hackathon/safelease-frontend/node_modules/@rolldown/binding-linux-x64-musl'
57 silly reify ]
58 verbose reify failed optional dependency /Users/adityasenthil/PersonalProjects/Google_Detroit_Hackathon/safelease-frontend/node_modules/@rolldown/binding-linux-x64-gnu
59 silly reify mark deleted [
59 silly reify   '/Users/adityasenthil/PersonalProjects/Google_Detroit_Hackathon/safelease-frontend/node_modules/@rolldown/binding-linux-x64-gnu'
59 silly reify ]
60 verbose reify failed optional dependency /Users/adityasenthil/PersonalProjects/Google_Detroit_Hackathon/safelease-frontend/node_modules/@rolldown/binding-linux-s390x-gnu
61 silly reify mark deleted [
61 silly reify   '/Users/adityasenthil/PersonalProjects/Google_Detroit_Hackathon/safelease-frontend/node_modules/@rolldown/binding-linux-s390x-gnu'
61 silly reify ]
62 verbose reify failed optional dependency /Users/adityasenthil/PersonalProjects/Google_Detroit_Hackathon/safelease-frontend/node_modules/@rolldown/binding-linux-ppc64-gnu
63 silly reify mark deleted [
63 silly reify   '/Users/adityasenthil/PersonalProjects/Google_Detroit_Hackathon/safelease-frontend/node_modules/@rolldown/binding-linux-ppc64-gnu'
63 silly reify ]
64 verbose reify failed optional dependency /Users/adityasenthil/PersonalProjects/Google_Detroit_Hackathon/safelease-frontend/node_modules/@rolldown/binding-linux-arm64-musl
65 silly reify mark deleted [
65 silly reify   '/Users/adityasenthil/PersonalProjects/Google_Detroit_Hackathon/safelease-frontend/node_modules/@rolldown/binding-linux-arm64-musl'
65 silly reify ]
66 verbose reify failed optional dependency /Users/adityasenthil/PersonalProjects/Google_Detroit_Hackathon/safelease-frontend/node_modules/@rolldown/binding-linux-arm64-gnu
67 silly reify mark deleted [
67 silly reify   '/Users/adityasenthil/PersonalProjects/Google_Detroit_Hackathon/safelease-frontend/node_modules/@rolldown/binding-linux-arm64-gnu'
67 silly reify ]
68 verbose reify failed optional dependency /Users/adityasenthil/PersonalProjects/Google_Detroit_Hackathon/safelease-frontend/node_modules/@rolldown/binding-linux-arm-gnueabihf
69 silly reify mark deleted [
69 silly reify   '/Users/adityasenthil/PersonalProjects/Google_Detroit_Hackathon/safelease-frontend/node_modules/@rolldown/binding-linux-arm-gnueabihf'
69 silly reify ]
70 verbose reify failed optional dependency /Users/adityasenthil/PersonalProjects/Google_Detroit_Hackathon/safelease-frontend/node_modules/@rolldown/binding-freebsd-x64
71 silly reify mark deleted [
71 silly reify   '/Users/adityasenthil/PersonalProjects/Google_Detroit_Hackathon/safelease-frontend/node_modules/@rolldown/binding-freebsd-x64'
71 silly reify ]
72 verbose reify failed optional dependency /Users/adityasenthil/PersonalProjects/Google_Detroit_Hackathon/safelease-frontend/node_modules/@rolldown/binding-darwin-x64
73 silly reify mark deleted [
73 silly reify   '/Users/adityasenthil/PersonalProjects/Google_Detroit_Hackathon/safelease-frontend/node_modules/@rolldown/binding-darwin-x64'
73 silly reify ]
74 verbose reify failed optional dependency /Users/adityasenthil/PersonalProjects/Google_Detroit_Hackathon/safelease-frontend/node_modules/@rolldown/binding-android-arm64
75 silly reify mark deleted [
75 silly reify   '/Users/adityasenthil/PersonalProjects/Google_Detroit_Hackathon/safelease-frontend/node_modules/@rolldown/binding-android-arm64'
75 silly reify ]
76 http cache zod-validation-error@https://registry.npmjs.org/zod-validation-error/-/zod-validation-error-4.0.2.tgz 1ms (cache hit)
77 http cache zod@https://registry.npmjs.org/zod/-/zod-4.3.6.tgz 0ms (cache hit)
78 http cache yocto-queue@https://registry.npmjs.org/yocto-queue/-/yocto-queue-0.1.0.tgz 0ms (cache hit)
79 http cache yallist@https://registry.npmjs.org/yallist/-/yallist-3.1.1.tgz 0ms (cache hit)
80 http cache word-wrap@https://registry.npmjs.org/word-wrap/-/word-wrap-1.2.5.tgz 0ms (cache hit)
81 http cache which@https://registry.npmjs.org/which/-/which-2.0.2.tgz 0ms (cache hit)
82 http cache vite@https://registry.npmjs.org/vite/-/vite-8.0.8.tgz 0ms (cache hit)
83 http cache update-browserslist-db@https://registry.npmjs.org/update-browserslist-db/-/update-browserslist-db-1.2.3.tgz 0ms (cache hit)
84 http cache uri-js@https://registry.npmjs.org/uri-js/-/uri-js-4.4.1.tgz 0ms (cache hit)
85 http cache type-check@https://registry.npmjs.org/type-check/-/type-check-0.4.0.tgz 0ms (cache hit)
86 http cache tslib@https://registry.npmjs.org/tslib/-/tslib-2.8.1.tgz 0ms (cache hit)
87 http cache supports-color@https://registry.npmjs.org/supports-color/-/supports-color-7.2.0.tgz 0ms (cache hit)
88 http cache strip-json-comments@https://registry.npmjs.org/strip-json-comments/-/strip-json-comments-3.1.1.tgz 0ms (cache hit)
89 http cache source-map-js@https://registry.npmjs.org/source-map-js/-/source-map-js-1.2.1.tgz 0ms (cache hit)
90 http cache tinyglobby@https://registry.npmjs.org/tinyglobby/-/tinyglobby-0.2.16.tgz 0ms (cache hit)
91 http cache shebang-command@https://registry.npmjs.org/shebang-command/-/shebang-command-2.0.0.tgz 0ms (cache hit)
92 http cache semver@https://registry.npmjs.org/semver/-/semver-6.3.1.tgz 0ms (cache hit)
93 http cache scheduler@https://registry.npmjs.org/scheduler/-/scheduler-0.27.0.tgz 0ms (cache hit)
94 http cache rolldown@https://registry.npmjs.org/rolldown/-/rolldown-1.0.0-rc.15.tgz 0ms (cache hit)
95 http cache shebang-regex@https://registry.npmjs.org/shebang-regex/-/shebang-regex-3.0.0.tgz 0ms (cache hit)
96 http cache resolve-from@https://registry.npmjs.org/resolve-from/-/resolve-from-4.0.0.tgz 0ms (cache hit)
97 http cache react-dom@https://registry.npmjs.org/react-dom/-/react-dom-19.2.5.tgz 0ms (cache hit)
98 http cache react@https://registry.npmjs.org/react/-/react-19.2.5.tgz 0ms (cache hit)
99 http cache postcss@https://registry.npmjs.org/postcss/-/postcss-8.5.9.tgz 0ms (cache hit)
100 http cache prelude-ls@https://registry.npmjs.org/prelude-ls/-/prelude-ls-1.2.1.tgz 0ms (cache hit)
101 http cache punycode@https://registry.npmjs.org/punycode/-/punycode-2.3.1.tgz 0ms (cache hit)
102 http cache path-key@https://registry.npmjs.org/path-key/-/path-key-3.1.1.tgz 0ms (cache hit)
103 http cache path-exists@https://registry.npmjs.org/path-exists/-/path-exists-4.0.0.tgz 0ms (cache hit)
104 http cache picomatch@https://registry.npmjs.org/picomatch/-/picomatch-4.0.4.tgz 0ms (cache hit)
105 http cache picocolors@https://registry.npmjs.org/picocolors/-/picocolors-1.1.1.tgz 0ms (cache hit)
106 http cache p-locate@https://registry.npmjs.org/p-locate/-/p-locate-5.0.0.tgz 0ms (cache hit)
107 http cache parent-module@https://registry.npmjs.org/parent-module/-/parent-module-1.0.1.tgz 0ms (cache hit)
108 http cache p-limit@https://registry.npmjs.org/p-limit/-/p-limit-3.1.0.tgz 0ms (cache hit)
109 http cache nanoid@https://registry.npmjs.org/nanoid/-/nanoid-3.3.11.tgz 0ms (cache hit)
110 http cache natural-compare@https://registry.npmjs.org/natural-compare/-/natural-compare-1.4.0.tgz 0ms (cache hit)
111 http cache optionator@https://registry.npmjs.org/optionator/-/optionator-0.9.4.tgz 0ms (cache hit)
112 http cache minimatch@https://registry.npmjs.org/minimatch/-/minimatch-3.1.5.tgz 0ms (cache hit)
113 http cache lru-cache@https://registry.npmjs.org/lru-cache/-/lru-cache-5.1.1.tgz 0ms (cache hit)
114 http cache ms@https://registry.npmjs.org/ms/-/ms-2.1.3.tgz 0ms (cache hit)
115 http cache lodash.merge@https://registry.npmjs.org/lodash.merge/-/lodash.merge-4.6.2.tgz 0ms (cache hit)
116 http cache node-releases@https://registry.npmjs.org/node-releases/-/node-releases-2.0.37.tgz 0ms (cache hit)
117 http cache locate-path@https://registry.npmjs.org/locate-path/-/locate-path-6.0.0.tgz 0ms (cache hit)
118 http cache lightningcss@https://registry.npmjs.org/lightningcss/-/lightningcss-1.32.0.tgz 0ms (cache hit)
119 http cache levn@https://registry.npmjs.org/levn/-/levn-0.4.1.tgz 0ms (cache hit)
120 http cache lightningcss-darwin-arm64@https://registry.npmjs.org/lightningcss-darwin-arm64/-/lightningcss-darwin-arm64-1.32.0.tgz 0ms (cache hit)
121 http cache json5@https://registry.npmjs.org/json5/-/json5-2.2.3.tgz 0ms (cache hit)
122 http cache json-schema-traverse@https://registry.npmjs.org/json-schema-traverse/-/json-schema-traverse-0.4.1.tgz 0ms (cache hit)
123 http cache json-stable-stringify-without-jsonify@https://registry.npmjs.org/json-stable-stringify-without-jsonify/-/json-stable-stringify-without-jsonify-1.0.1.tgz 0ms (cache hit)
124 http cache keyv@https://registry.npmjs.org/keyv/-/keyv-4.5.4.tgz 0ms (cache hit)
125 http cache json-buffer@https://registry.npmjs.org/json-buffer/-/json-buffer-3.0.1.tgz 0ms (cache hit)
126 http cache jsesc@https://registry.npmjs.org/jsesc/-/jsesc-3.1.0.tgz 0ms (cache hit)
127 http cache js-tokens@https://registry.npmjs.org/js-tokens/-/js-tokens-4.0.0.tgz 0ms (cache hit)
128 http cache is-glob@https://registry.npmjs.org/is-glob/-/is-glob-4.0.3.tgz 0ms (cache hit)
129 http cache isexe@https://registry.npmjs.org/isexe/-/isexe-2.0.0.tgz 0ms (cache hit)
130 http cache is-extglob@https://registry.npmjs.org/is-extglob/-/is-extglob-2.1.1.tgz 0ms (cache hit)
131 http cache import-fresh@https://registry.npmjs.org/import-fresh/-/import-fresh-3.3.1.tgz 0ms (cache hit)
132 http cache ignore@https://registry.npmjs.org/ignore/-/ignore-5.3.2.tgz 0ms (cache hit)
133 http cache hermes-parser@https://registry.npmjs.org/hermes-parser/-/hermes-parser-0.25.1.tgz 0ms (cache hit)
134 http cache imurmurhash@https://registry.npmjs.org/imurmurhash/-/imurmurhash-0.1.4.tgz 0ms (cache hit)
135 http cache hermes-estree@https://registry.npmjs.org/hermes-estree/-/hermes-estree-0.25.1.tgz 0ms (cache hit)
136 http cache js-yaml@https://registry.npmjs.org/js-yaml/-/js-yaml-4.1.1.tgz 0ms (cache hit)
137 http cache has-flag@https://registry.npmjs.org/has-flag/-/has-flag-4.0.0.tgz 0ms (cache hit)
138 http cache glob-parent@https://registry.npmjs.org/glob-parent/-/glob-parent-6.0.2.tgz 0ms (cache hit)
139 http cache fsevents@https://registry.npmjs.org/fsevents/-/fsevents-2.3.3.tgz 0ms (cache hit)
140 http cache globals@https://registry.npmjs.org/globals/-/globals-17.4.0.tgz 0ms (cache hit)
141 http cache flatted@https://registry.npmjs.org/flatted/-/flatted-3.4.2.tgz 0ms (cache hit)
142 http cache gensync@https://registry.npmjs.org/gensync/-/gensync-1.0.0-beta.2.tgz 0ms (cache hit)
143 http cache flat-cache@https://registry.npmjs.org/flat-cache/-/flat-cache-4.0.1.tgz 0ms (cache hit)
144 http cache file-entry-cache@https://registry.npmjs.org/file-entry-cache/-/file-entry-cache-8.0.0.tgz 0ms (cache hit)
145 http cache fdir@https://registry.npmjs.org/fdir/-/fdir-6.5.0.tgz 0ms (cache hit)
146 http cache find-up@https://registry.npmjs.org/find-up/-/find-up-5.0.0.tgz 0ms (cache hit)
147 http cache fast-json-stable-stringify@https://registry.npmjs.org/fast-json-stable-stringify/-/fast-json-stable-stringify-2.1.0.tgz 0ms (cache hit)
148 http cache fast-levenshtein@https://registry.npmjs.org/fast-levenshtein/-/fast-levenshtein-2.0.6.tgz 0ms (cache hit)
149 http cache fast-deep-equal@https://registry.npmjs.org/fast-deep-equal/-/fast-deep-equal-3.1.3.tgz 0ms (cache hit)
150 http cache esutils@https://registry.npmjs.org/esutils/-/esutils-2.0.3.tgz 0ms (cache hit)
151 http cache estraverse@https://registry.npmjs.org/estraverse/-/estraverse-5.3.0.tgz 0ms (cache hit)
152 http cache esquery@https://registry.npmjs.org/esquery/-/esquery-1.7.0.tgz 0ms (cache hit)
153 http cache eslint-visitor-keys@https://registry.npmjs.org/eslint-visitor-keys/-/eslint-visitor-keys-4.2.1.tgz 0ms (cache hit)
154 http cache espree@https://registry.npmjs.org/espree/-/espree-10.4.0.tgz 0ms (cache hit)
155 http cache esrecurse@https://registry.npmjs.org/esrecurse/-/esrecurse-4.3.0.tgz 0ms (cache hit)
156 http cache eslint-scope@https://registry.npmjs.org/eslint-scope/-/eslint-scope-8.4.0.tgz 0ms (cache hit)
157 http cache eslint-plugin-react-refresh@https://registry.npmjs.org/eslint-plugin-react-refresh/-/eslint-plugin-react-refresh-0.5.2.tgz 0ms (cache hit)
158 http cache eslint-plugin-react-hooks@https://registry.npmjs.org/eslint-plugin-react-hooks/-/eslint-plugin-react-hooks-7.0.1.tgz 0ms (cache hit)
159 http cache eslint@https://registry.npmjs.org/eslint/-/eslint-9.39.4.tgz 0ms (cache hit)
160 http cache escalade@https://registry.npmjs.org/escalade/-/escalade-3.2.0.tgz 0ms (cache hit)
161 http cache escape-string-regexp@https://registry.npmjs.org/escape-string-regexp/-/escape-string-regexp-4.0.0.tgz 0ms (cache hit)
162 http cache detect-libc@https://registry.npmjs.org/detect-libc/-/detect-libc-2.1.2.tgz 0ms (cache hit)
163 http cache electron-to-chromium@https://registry.npmjs.org/electron-to-chromium/-/electron-to-chromium-1.5.334.tgz 0ms (cache hit)
164 http cache cross-spawn@https://registry.npmjs.org/cross-spawn/-/cross-spawn-7.0.6.tgz 0ms (cache hit)
165 http cache debug@https://registry.npmjs.org/debug/-/debug-4.4.3.tgz 0ms (cache hit)
166 http cache csstype@https://registry.npmjs.org/csstype/-/csstype-3.2.3.tgz 0ms (cache hit)
167 http cache concat-map@https://registry.npmjs.org/concat-map/-/concat-map-0.0.1.tgz 0ms (cache hit)
168 http cache deep-is@https://registry.npmjs.org/deep-is/-/deep-is-0.1.4.tgz 0ms (cache hit)
169 http cache color-name@https://registry.npmjs.org/color-name/-/color-name-1.1.4.tgz 0ms (cache hit)
170 http cache color-convert@https://registry.npmjs.org/color-convert/-/color-convert-2.0.1.tgz 0ms (cache hit)
171 http cache chalk@https://registry.npmjs.org/chalk/-/chalk-4.1.2.tgz 0ms (cache hit)
172 http cache callsites@https://registry.npmjs.org/callsites/-/callsites-3.1.0.tgz 0ms (cache hit)
173 http cache browserslist@https://registry.npmjs.org/browserslist/-/browserslist-4.28.2.tgz 0ms (cache hit)
174 http cache brace-expansion@https://registry.npmjs.org/brace-expansion/-/brace-expansion-1.1.13.tgz 0ms (cache hit)
175 http cache baseline-browser-mapping@https://registry.npmjs.org/baseline-browser-mapping/-/baseline-browser-mapping-2.10.17.tgz 0ms (cache hit)
176 http cache convert-source-map@https://registry.npmjs.org/convert-source-map/-/convert-source-map-2.0.0.tgz 0ms (cache hit)
177 http cache balanced-match@https://registry.npmjs.org/balanced-match/-/balanced-match-1.0.2.tgz 0ms (cache hit)
178 http cache caniuse-lite@https://registry.npmjs.org/caniuse-lite/-/caniuse-lite-1.0.30001787.tgz 0ms (cache hit)
179 http cache argparse@https://registry.npmjs.org/argparse/-/argparse-2.0.1.tgz 0ms (cache hit)
180 http cache acorn-jsx@https://registry.npmjs.org/acorn-jsx/-/acorn-jsx-5.3.2.tgz 0ms (cache hit)
181 http cache acorn@https://registry.npmjs.org/acorn/-/acorn-8.16.0.tgz 0ms (cache hit)
182 http cache ansi-styles@https://registry.npmjs.org/ansi-styles/-/ansi-styles-4.3.0.tgz 0ms (cache hit)
183 http cache @vitejs/plugin-react@https://registry.npmjs.org/@vitejs/plugin-react/-/plugin-react-6.0.1.tgz 0ms (cache hit)
184 http cache ajv@https://registry.npmjs.org/ajv/-/ajv-6.14.0.tgz 0ms (cache hit)
185 http cache @types/json-schema@https://registry.npmjs.org/@types/json-schema/-/json-schema-7.0.15.tgz 0ms (cache hit)
186 http cache @types/estree@https://registry.npmjs.org/@types/estree/-/estree-1.0.8.tgz 0ms (cache hit)
187 http cache @tybys/wasm-util@https://registry.npmjs.org/@tybys/wasm-util/-/wasm-util-0.10.1.tgz 0ms (cache hit)
188 http cache @types/react-dom@https://registry.npmjs.org/@types/react-dom/-/react-dom-19.2.3.tgz 0ms (cache hit)
189 http cache @rolldown/binding-darwin-arm64@https://registry.npmjs.org/@rolldown/binding-darwin-arm64/-/binding-darwin-arm64-1.0.0-rc.15.tgz 0ms (cache hit)
190 http cache @rolldown/pluginutils@https://registry.npmjs.org/@rolldown/pluginutils/-/pluginutils-1.0.0-rc.7.tgz 0ms (cache hit)
191 http cache @jridgewell/trace-mapping@https://registry.npmjs.org/@jridgewell/trace-mapping/-/trace-mapping-0.3.31.tgz 0ms (cache hit)
192 http cache @types/react@https://registry.npmjs.org/@types/react/-/react-19.2.14.tgz 0ms (cache hit)
193 http cache @oxc-project/types@https://registry.npmjs.org/@oxc-project/types/-/types-0.124.0.tgz 0ms (cache hit)
194 http cache @jridgewell/sourcemap-codec@https://registry.npmjs.org/@jridgewell/sourcemap-codec/-/sourcemap-codec-1.5.5.tgz 0ms (cache hit)
195 http cache @napi-rs/wasm-runtime@https://registry.npmjs.org/@napi-rs/wasm-runtime/-/wasm-runtime-1.1.3.tgz 0ms (cache hit)
196 http cache @jridgewell/gen-mapping@https://registry.npmjs.org/@jridgewell/gen-mapping/-/gen-mapping-0.3.13.tgz 0ms (cache hit)
197 http cache @humanwhocodes/module-importer@https://registry.npmjs.org/@humanwhocodes/module-importer/-/module-importer-1.0.1.tgz 0ms (cache hit)
198 http cache @jridgewell/resolve-uri@https://registry.npmjs.org/@jridgewell/resolve-uri/-/resolve-uri-3.1.2.tgz 0ms (cache hit)
199 http cache @humanwhocodes/retry@https://registry.npmjs.org/@humanwhocodes/retry/-/retry-0.4.3.tgz 0ms (cache hit)
200 http cache @jridgewell/remapping@https://registry.npmjs.org/@jridgewell/remapping/-/remapping-2.3.5.tgz 0ms (cache hit)
201 http cache @humanfs/node@https://registry.npmjs.org/@humanfs/node/-/node-0.16.7.tgz 0ms (cache hit)
202 http cache @eslint/plugin-kit@https://registry.npmjs.org/@eslint/plugin-kit/-/plugin-kit-0.4.1.tgz 0ms (cache hit)
203 http cache @humanfs/core@https://registry.npmjs.org/@humanfs/core/-/core-0.19.1.tgz 0ms (cache hit)
204 http cache @eslint/js@https://registry.npmjs.org/@eslint/js/-/js-9.39.4.tgz 0ms (cache hit)
205 http cache @eslint/object-schema@https://registry.npmjs.org/@eslint/object-schema/-/object-schema-2.1.7.tgz 0ms (cache hit)
206 http cache @eslint/eslintrc@https://registry.npmjs.org/@eslint/eslintrc/-/eslintrc-3.3.5.tgz 0ms (cache hit)
207 http cache @eslint/config-helpers@https://registry.npmjs.org/@eslint/config-helpers/-/config-helpers-0.4.2.tgz 0ms (cache hit)
208 http cache @eslint/core@https://registry.npmjs.org/@eslint/core/-/core-0.17.0.tgz 0ms (cache hit)
209 http cache @eslint/config-array@https://registry.npmjs.org/@eslint/config-array/-/config-array-0.21.2.tgz 0ms (cache hit)
210 http cache @eslint-community/eslint-utils@https://registry.npmjs.org/@eslint-community/eslint-utils/-/eslint-utils-4.9.1.tgz 0ms (cache hit)
211 http cache @eslint-community/regexpp@https://registry.npmjs.org/@eslint-community/regexpp/-/regexpp-4.12.2.tgz 0ms (cache hit)
212 http cache @emnapi/runtime@https://registry.npmjs.org/@emnapi/runtime/-/runtime-1.9.2.tgz 0ms (cache hit)
213 http cache @emnapi/core@https://registry.npmjs.org/@emnapi/core/-/core-1.9.2.tgz 0ms (cache hit)
214 http cache @babel/types@https://registry.npmjs.org/@babel/types/-/types-7.29.0.tgz 0ms (cache hit)
215 http cache @babel/template@https://registry.npmjs.org/@babel/template/-/template-7.28.6.tgz 0ms (cache hit)
216 http cache @babel/traverse@https://registry.npmjs.org/@babel/traverse/-/traverse-7.29.0.tgz 0ms (cache hit)
217 http cache @babel/parser@https://registry.npmjs.org/@babel/parser/-/parser-7.29.2.tgz 0ms (cache hit)
218 http cache @babel/helpers@https://registry.npmjs.org/@babel/helpers/-/helpers-7.29.2.tgz 0ms (cache hit)
219 http cache @babel/helper-validator-option@https://registry.npmjs.org/@babel/helper-validator-option/-/helper-validator-option-7.27.1.tgz 0ms (cache hit)
220 http cache @babel/helper-validator-identifier@https://registry.npmjs.org/@babel/helper-validator-identifier/-/helper-validator-identifier-7.28.5.tgz 0ms (cache hit)
221 http cache @babel/helper-string-parser@https://registry.npmjs.org/@babel/helper-string-parser/-/helper-string-parser-7.27.1.tgz 0ms (cache hit)
222 http cache @babel/helper-module-transforms@https://registry.npmjs.org/@babel/helper-module-transforms/-/helper-module-transforms-7.28.6.tgz 0ms (cache hit)
223 http cache @babel/helper-module-imports@https://registry.npmjs.org/@babel/helper-module-imports/-/helper-module-imports-7.28.6.tgz 0ms (cache hit)
224 http cache @emnapi/wasi-threads@https://registry.npmjs.org/@emnapi/wasi-threads/-/wasi-threads-1.2.1.tgz 0ms (cache hit)
225 http cache @babel/helper-globals@https://registry.npmjs.org/@babel/helper-globals/-/helper-globals-7.28.0.tgz 0ms (cache hit)
226 http cache @babel/helper-compilation-targets@https://registry.npmjs.org/@babel/helper-compilation-targets/-/helper-compilation-targets-7.28.6.tgz 0ms (cache hit)
227 http cache @babel/generator@https://registry.npmjs.org/@babel/generator/-/generator-7.29.1.tgz 0ms (cache hit)
228 http cache @babel/core@https://registry.npmjs.org/@babel/core/-/core-7.29.0.tgz 0ms (cache hit)
229 http cache @babel/code-frame@https://registry.npmjs.org/@babel/code-frame/-/code-frame-7.29.0.tgz 0ms (cache hit)
230 http cache @babel/compat-data@https://registry.npmjs.org/@babel/compat-data/-/compat-data-7.29.0.tgz 0ms (cache hit)
231 http cache @rolldown/pluginutils@https://registry.npmjs.org/@rolldown/pluginutils/-/pluginutils-1.0.0-rc.15.tgz 0ms (cache hit)
232 http cache globals@https://registry.npmjs.org/globals/-/globals-14.0.0.tgz 0ms (cache hit)
233 silly tarball no local data for zod-validation-error@https://registry.npmjs.org/zod-validation-error/-/zod-validation-error-4.0.2.tgz. Extracting by manifest.
234 http cache eslint-visitor-keys@https://registry.npmjs.org/eslint-visitor-keys/-/eslint-visitor-keys-3.4.3.tgz 0ms (cache hit)
235 silly tarball no local data for zod@https://registry.npmjs.org/zod/-/zod-4.3.6.tgz. Extracting by manifest.
236 silly tarball no local data for yocto-queue@https://registry.npmjs.org/yocto-queue/-/yocto-queue-0.1.0.tgz. Extracting by manifest.
237 silly tarball no local data for yallist@https://registry.npmjs.org/yallist/-/yallist-3.1.1.tgz. Extracting by manifest.
238 silly tarball no local data for word-wrap@https://registry.npmjs.org/word-wrap/-/word-wrap-1.2.5.tgz. Extracting by manifest.
239 silly tarball no local data for which@https://registry.npmjs.org/which/-/which-2.0.2.tgz. Extracting by manifest.
240 silly tarball no local data for vite@https://registry.npmjs.org/vite/-/vite-8.0.8.tgz. Extracting by manifest.
241 silly tarball no local data for update-browserslist-db@https://registry.npmjs.org/update-browserslist-db/-/update-browserslist-db-1.2.3.tgz. Extracting by manifest.
242 silly tarball no local data for uri-js@https://registry.npmjs.org/uri-js/-/uri-js-4.4.1.tgz. Extracting by manifest.
243 silly tarball no local data for type-check@https://registry.npmjs.org/type-check/-/type-check-0.4.0.tgz. Extracting by manifest.
244 silly tarball no local data for tslib@https://registry.npmjs.org/tslib/-/tslib-2.8.1.tgz. Extracting by manifest.
245 silly tarball no local data for supports-color@https://registry.npmjs.org/supports-color/-/supports-color-7.2.0.tgz. Extracting by manifest.
246 silly tarball no local data for strip-json-comments@https://registry.npmjs.org/strip-json-comments/-/strip-json-comments-3.1.1.tgz. Extracting by manifest.
247 silly tarball no local data for source-map-js@https://registry.npmjs.org/source-map-js/-/source-map-js-1.2.1.tgz. Extracting by manifest.
248 silly tarball no local data for tinyglobby@https://registry.npmjs.org/tinyglobby/-/tinyglobby-0.2.16.tgz. Extracting by manifest.
249 silly tarball no local data for shebang-command@https://registry.npmjs.org/shebang-command/-/shebang-command-2.0.0.tgz. Extracting by manifest.
250 silly tarball no local data for semver@https://registry.npmjs.org/semver/-/semver-6.3.1.tgz. Extracting by manifest.
251 silly tarball no local data for scheduler@https://registry.npmjs.org/scheduler/-/scheduler-0.27.0.tgz. Extracting by manifest.
252 silly tarball no local data for rolldown@https://registry.npmjs.org/rolldown/-/rolldown-1.0.0-rc.15.tgz. Extracting by manifest.
253 silly tarball no local data for shebang-regex@https://registry.npmjs.org/shebang-regex/-/shebang-regex-3.0.0.tgz. Extracting by manifest.
254 silly tarball no local data for resolve-from@https://registry.npmjs.org/resolve-from/-/resolve-from-4.0.0.tgz. Extracting by manifest.
255 silly tarball no local data for react-dom@https://registry.npmjs.org/react-dom/-/react-dom-19.2.5.tgz. Extracting by manifest.
256 silly tarball no local data for react@https://registry.npmjs.org/react/-/react-19.2.5.tgz. Extracting by manifest.
257 silly tarball no local data for postcss@https://registry.npmjs.org/postcss/-/postcss-8.5.9.tgz. Extracting by manifest.
258 silly tarball no local data for prelude-ls@https://registry.npmjs.org/prelude-ls/-/prelude-ls-1.2.1.tgz. Extracting by manifest.
259 silly tarball no local data for punycode@https://registry.npmjs.org/punycode/-/punycode-2.3.1.tgz. Extracting by manifest.
260 silly tarball no local data for path-key@https://registry.npmjs.org/path-key/-/path-key-3.1.1.tgz. Extracting by manifest.
261 silly tarball no local data for path-exists@https://registry.npmjs.org/path-exists/-/path-exists-4.0.0.tgz. Extracting by manifest.
262 silly tarball no local data for picomatch@https://registry.npmjs.org/picomatch/-/picomatch-4.0.4.tgz. Extracting by manifest.
263 silly tarball no local data for picocolors@https://registry.npmjs.org/picocolors/-/picocolors-1.1.1.tgz. Extracting by manifest.
264 silly tarball no local data for p-locate@https://registry.npmjs.org/p-locate/-/p-locate-5.0.0.tgz. Extracting by manifest.
265 silly tarball no local data for parent-module@https://registry.npmjs.org/parent-module/-/parent-module-1.0.1.tgz. Extracting by manifest.
266 silly tarball no local data for p-limit@https://registry.npmjs.org/p-limit/-/p-limit-3.1.0.tgz. Extracting by manifest.
267 silly tarball no local data for nanoid@https://registry.npmjs.org/nanoid/-/nanoid-3.3.11.tgz. Extracting by manifest.
268 silly tarball no local data for natural-compare@https://registry.npmjs.org/natural-compare/-/natural-compare-1.4.0.tgz. Extracting by manifest.
269 silly tarball no local data for optionator@https://registry.npmjs.org/optionator/-/optionator-0.9.4.tgz. Extracting by manifest.
270 silly tarball no local data for minimatch@https://registry.npmjs.org/minimatch/-/minimatch-3.1.5.tgz. Extracting by manifest.
271 silly tarball no local data for lru-cache@https://registry.npmjs.org/lru-cache/-/lru-cache-5.1.1.tgz. Extracting by manifest.
272 silly tarball no local data for ms@https://registry.npmjs.org/ms/-/ms-2.1.3.tgz. Extracting by manifest.
273 silly tarball no local data for lodash.merge@https://registry.npmjs.org/lodash.merge/-/lodash.merge-4.6.2.tgz. Extracting by manifest.
274 silly tarball no local data for node-releases@https://registry.npmjs.org/node-releases/-/node-releases-2.0.37.tgz. Extracting by manifest.
275 silly tarball no local data for locate-path@https://registry.npmjs.org/locate-path/-/locate-path-6.0.0.tgz. Extracting by manifest.
276 silly tarball no local data for lightningcss@https://registry.npmjs.org/lightningcss/-/lightningcss-1.32.0.tgz. Extracting by manifest.
277 silly tarball no local data for levn@https://registry.npmjs.org/levn/-/levn-0.4.1.tgz. Extracting by manifest.
278 silly tarball no local data for lightningcss-darwin-arm64@https://registry.npmjs.org/lightningcss-darwin-arm64/-/lightningcss-darwin-arm64-1.32.0.tgz. Extracting by manifest.
279 silly tarball no local data for json5@https://registry.npmjs.org/json5/-/json5-2.2.3.tgz. Extracting by manifest.
280 silly tarball no local data for json-schema-traverse@https://registry.npmjs.org/json-schema-traverse/-/json-schema-traverse-0.4.1.tgz. Extracting by manifest.
281 silly tarball no local data for json-stable-stringify-without-jsonify@https://registry.npmjs.org/json-stable-stringify-without-jsonify/-/json-stable-stringify-without-jsonify-1.0.1.tgz. Extracting by manifest.
282 silly tarball no local data for keyv@https://registry.npmjs.org/keyv/-/keyv-4.5.4.tgz. Extracting by manifest.
283 silly tarball no local data for json-buffer@https://registry.npmjs.org/json-buffer/-/json-buffer-3.0.1.tgz. Extracting by manifest.
284 silly tarball no local data for jsesc@https://registry.npmjs.org/jsesc/-/jsesc-3.1.0.tgz. Extracting by manifest.
285 silly tarball no local data for js-tokens@https://registry.npmjs.org/js-tokens/-/js-tokens-4.0.0.tgz. Extracting by manifest.
286 silly tarball no local data for is-glob@https://registry.npmjs.org/is-glob/-/is-glob-4.0.3.tgz. Extracting by manifest.
287 silly tarball no local data for isexe@https://registry.npmjs.org/isexe/-/isexe-2.0.0.tgz. Extracting by manifest.
288 silly tarball no local data for is-extglob@https://registry.npmjs.org/is-extglob/-/is-extglob-2.1.1.tgz. Extracting by manifest.
289 silly tarball no local data for import-fresh@https://registry.npmjs.org/import-fresh/-/import-fresh-3.3.1.tgz. Extracting by manifest.
290 silly tarball no local data for ignore@https://registry.npmjs.org/ignore/-/ignore-5.3.2.tgz. Extracting by manifest.
291 silly tarball no local data for hermes-parser@https://registry.npmjs.org/hermes-parser/-/hermes-parser-0.25.1.tgz. Extracting by manifest.
292 silly tarball no local data for imurmurhash@https://registry.npmjs.org/imurmurhash/-/imurmurhash-0.1.4.tgz. Extracting by manifest.
293 silly tarball no local data for hermes-estree@https://registry.npmjs.org/hermes-estree/-/hermes-estree-0.25.1.tgz. Extracting by manifest.
294 silly tarball no local data for js-yaml@https://registry.npmjs.org/js-yaml/-/js-yaml-4.1.1.tgz. Extracting by manifest.
295 silly tarball no local data for has-flag@https://registry.npmjs.org/has-flag/-/has-flag-4.0.0.tgz. Extracting by manifest.
296 silly tarball no local data for glob-parent@https://registry.npmjs.org/glob-parent/-/glob-parent-6.0.2.tgz. Extracting by manifest.
297 silly tarball no local data for fsevents@https://registry.npmjs.org/fsevents/-/fsevents-2.3.3.tgz. Extracting by manifest.
298 silly tarball no local data for globals@https://registry.npmjs.org/globals/-/globals-17.4.0.tgz. Extracting by manifest.
299 silly tarball no local data for flatted@https://registry.npmjs.org/flatted/-/flatted-3.4.2.tgz. Extracting by manifest.
300 silly tarball no local data for gensync@https://registry.npmjs.org/gensync/-/gensync-1.0.0-beta.2.tgz. Extracting by manifest.
301 silly tarball no local data for flat-cache@https://registry.npmjs.org/flat-cache/-/flat-cache-4.0.1.tgz. Extracting by manifest.
302 silly tarball no local data for file-entry-cache@https://registry.npmjs.org/file-entry-cache/-/file-entry-cache-8.0.0.tgz. Extracting by manifest.
303 silly tarball no local data for fdir@https://registry.npmjs.org/fdir/-/fdir-6.5.0.tgz. Extracting by manifest.
304 silly tarball no local data for find-up@https://registry.npmjs.org/find-up/-/find-up-5.0.0.tgz. Extracting by manifest.
305 silly tarball no local data for fast-json-stable-stringify@https://registry.npmjs.org/fast-json-stable-stringify/-/fast-json-stable-stringify-2.1.0.tgz. Extracting by manifest.
306 silly tarball no local data for fast-levenshtein@https://registry.npmjs.org/fast-levenshtein/-/fast-levenshtein-2.0.6.tgz. Extracting by manifest.
307 silly tarball no local data for fast-deep-equal@https://registry.npmjs.org/fast-deep-equal/-/fast-deep-equal-3.1.3.tgz. Extracting by manifest.
308 silly tarball no local data for esutils@https://registry.npmjs.org/esutils/-/esutils-2.0.3.tgz. Extracting by manifest.
309 silly tarball no local data for estraverse@https://registry.npmjs.org/estraverse/-/estraverse-5.3.0.tgz. Extracting by manifest.
310 silly tarball no local data for esquery@https://registry.npmjs.org/esquery/-/esquery-1.7.0.tgz. Extracting by manifest.
311 silly tarball no local data for eslint-visitor-keys@https://registry.npmjs.org/eslint-visitor-keys/-/eslint-visitor-keys-4.2.1.tgz. Extracting by manifest.
312 silly tarball no local data for espree@https://registry.npmjs.org/espree/-/espree-10.4.0.tgz. Extracting by manifest.
313 silly tarball no local data for esrecurse@https://registry.npmjs.org/esrecurse/-/esrecurse-4.3.0.tgz. Extracting by manifest.
314 silly tarball no local data for eslint-scope@https://registry.npmjs.org/eslint-scope/-/eslint-scope-8.4.0.tgz. Extracting by manifest.
315 silly tarball no local data for eslint-plugin-react-refresh@https://registry.npmjs.org/eslint-plugin-react-refresh/-/eslint-plugin-react-refresh-0.5.2.tgz. Extracting by manifest.
316 silly tarball no local data for eslint-plugin-react-hooks@https://registry.npmjs.org/eslint-plugin-react-hooks/-/eslint-plugin-react-hooks-7.0.1.tgz. Extracting by manifest.
317 silly tarball no local data for eslint@https://registry.npmjs.org/eslint/-/eslint-9.39.4.tgz. Extracting by manifest.
318 silly tarball no local data for escalade@https://registry.npmjs.org/escalade/-/escalade-3.2.0.tgz. Extracting by manifest.
319 silly tarball no local data for escape-string-regexp@https://registry.npmjs.org/escape-string-regexp/-/escape-string-regexp-4.0.0.tgz. Extracting by manifest.
320 silly tarball no local data for detect-libc@https://registry.npmjs.org/detect-libc/-/detect-libc-2.1.2.tgz. Extracting by manifest.
321 silly tarball no local data for electron-to-chromium@https://registry.npmjs.org/electron-to-chromium/-/electron-to-chromium-1.5.334.tgz. Extracting by manifest.
322 silly tarball no local data for cross-spawn@https://registry.npmjs.org/cross-spawn/-/cross-spawn-7.0.6.tgz. Extracting by manifest.
323 silly tarball no local data for debug@https://registry.npmjs.org/debug/-/debug-4.4.3.tgz. Extracting by manifest.
324 silly tarball no local data for csstype@https://registry.npmjs.org/csstype/-/csstype-3.2.3.tgz. Extracting by manifest.
325 silly tarball no local data for concat-map@https://registry.npmjs.org/concat-map/-/concat-map-0.0.1.tgz. Extracting by manifest.
326 silly tarball no local data for deep-is@https://registry.npmjs.org/deep-is/-/deep-is-0.1.4.tgz. Extracting by manifest.
327 silly tarball no local data for color-name@https://registry.npmjs.org/color-name/-/color-name-1.1.4.tgz. Extracting by manifest.
328 silly tarball no local data for color-convert@https://registry.npmjs.org/color-convert/-/color-convert-2.0.1.tgz. Extracting by manifest.
329 silly tarball no local data for chalk@https://registry.npmjs.org/chalk/-/chalk-4.1.2.tgz. Extracting by manifest.
330 silly tarball no local data for callsites@https://registry.npmjs.org/callsites/-/callsites-3.1.0.tgz. Extracting by manifest.
331 silly tarball no local data for browserslist@https://registry.npmjs.org/browserslist/-/browserslist-4.28.2.tgz. Extracting by manifest.
332 silly tarball no local data for brace-expansion@https://registry.npmjs.org/brace-expansion/-/brace-expansion-1.1.13.tgz. Extracting by manifest.
333 silly tarball no local data for baseline-browser-mapping@https://registry.npmjs.org/baseline-browser-mapping/-/baseline-browser-mapping-2.10.17.tgz. Extracting by manifest.
334 silly tarball no local data for convert-source-map@https://registry.npmjs.org/convert-source-map/-/convert-source-map-2.0.0.tgz. Extracting by manifest.
335 silly tarball no local data for balanced-match@https://registry.npmjs.org/balanced-match/-/balanced-match-1.0.2.tgz. Extracting by manifest.
336 silly tarball no local data for caniuse-lite@https://registry.npmjs.org/caniuse-lite/-/caniuse-lite-1.0.30001787.tgz. Extracting by manifest.
337 silly tarball no local data for argparse@https://registry.npmjs.org/argparse/-/argparse-2.0.1.tgz. Extracting by manifest.
338 silly tarball no local data for acorn-jsx@https://registry.npmjs.org/acorn-jsx/-/acorn-jsx-5.3.2.tgz. Extracting by manifest.
339 silly tarball no local data for acorn@https://registry.npmjs.org/acorn/-/acorn-8.16.0.tgz. Extracting by manifest.
340 silly tarball no local data for ansi-styles@https://registry.npmjs.org/ansi-styles/-/ansi-styles-4.3.0.tgz. Extracting by manifest.
341 silly tarball no local data for @vitejs/plugin-react@https://registry.npmjs.org/@vitejs/plugin-react/-/plugin-react-6.0.1.tgz. Extracting by manifest.
342 silly tarball no local data for ajv@https://registry.npmjs.org/ajv/-/ajv-6.14.0.tgz. Extracting by manifest.
343 silly tarball no local data for @types/json-schema@https://registry.npmjs.org/@types/json-schema/-/json-schema-7.0.15.tgz. Extracting by manifest.
344 silly tarball no local data for @types/estree@https://registry.npmjs.org/@types/estree/-/estree-1.0.8.tgz. Extracting by manifest.
345 silly tarball no local data for @tybys/wasm-util@https://registry.npmjs.org/@tybys/wasm-util/-/wasm-util-0.10.1.tgz. Extracting by manifest.
346 silly tarball no local data for @types/react-dom@https://registry.npmjs.org/@types/react-dom/-/react-dom-19.2.3.tgz. Extracting by manifest.
347 silly tarball no local data for @rolldown/binding-darwin-arm64@https://registry.npmjs.org/@rolldown/binding-darwin-arm64/-/binding-darwin-arm64-1.0.0-rc.15.tgz. Extracting by manifest.
348 silly tarball no local data for @rolldown/pluginutils@https://registry.npmjs.org/@rolldown/pluginutils/-/pluginutils-1.0.0-rc.7.tgz. Extracting by manifest.
349 silly tarball no local data for @jridgewell/trace-mapping@https://registry.npmjs.org/@jridgewell/trace-mapping/-/trace-mapping-0.3.31.tgz. Extracting by manifest.
350 silly tarball no local data for @types/react@https://registry.npmjs.org/@types/react/-/react-19.2.14.tgz. Extracting by manifest.
351 silly tarball no local data for @oxc-project/types@https://registry.npmjs.org/@oxc-project/types/-/types-0.124.0.tgz. Extracting by manifest.
352 silly tarball no local data for @jridgewell/sourcemap-codec@https://registry.npmjs.org/@jridgewell/sourcemap-codec/-/sourcemap-codec-1.5.5.tgz. Extracting by manifest.
353 silly tarball no local data for @napi-rs/wasm-runtime@https://registry.npmjs.org/@napi-rs/wasm-runtime/-/wasm-runtime-1.1.3.tgz. Extracting by manifest.
354 silly tarball no local data for @jridgewell/gen-mapping@https://registry.npmjs.org/@jridgewell/gen-mapping/-/gen-mapping-0.3.13.tgz. Extracting by manifest.
355 silly tarball no local data for @humanwhocodes/module-importer@https://registry.npmjs.org/@humanwhocodes/module-importer/-/module-importer-1.0.1.tgz. Extracting by manifest.
356 silly tarball no local data for @jridgewell/resolve-uri@https://registry.npmjs.org/@jridgewell/resolve-uri/-/resolve-uri-3.1.2.tgz. Extracting by manifest.
357 silly tarball no local data for @humanwhocodes/retry@https://registry.npmjs.org/@humanwhocodes/retry/-/retry-0.4.3.tgz. Extracting by manifest.
358 silly tarball no local data for @jridgewell/remapping@https://registry.npmjs.org/@jridgewell/remapping/-/remapping-2.3.5.tgz. Extracting by manifest.
359 silly tarball no local data for @humanfs/node@https://registry.npmjs.org/@humanfs/node/-/node-0.16.7.tgz. Extracting by manifest.
360 silly tarball no local data for @eslint/plugin-kit@https://registry.npmjs.org/@eslint/plugin-kit/-/plugin-kit-0.4.1.tgz. Extracting by manifest.
361 silly tarball no local data for @humanfs/core@https://registry.npmjs.org/@humanfs/core/-/core-0.19.1.tgz. Extracting by manifest.
362 silly tarball no local data for @eslint/js@https://registry.npmjs.org/@eslint/js/-/js-9.39.4.tgz. Extracting by manifest.
363 silly tarball no local data for @eslint/object-schema@https://registry.npmjs.org/@eslint/object-schema/-/object-schema-2.1.7.tgz. Extracting by manifest.
364 silly tarball no local data for @eslint/eslintrc@https://registry.npmjs.org/@eslint/eslintrc/-/eslintrc-3.3.5.tgz. Extracting by manifest.
365 silly tarball no local data for @eslint/config-helpers@https://registry.npmjs.org/@eslint/config-helpers/-/config-helpers-0.4.2.tgz. Extracting by manifest.
366 silly tarball no local data for @eslint/core@https://registry.npmjs.org/@eslint/core/-/core-0.17.0.tgz. Extracting by manifest.
367 silly tarball no local data for @eslint/config-array@https://registry.npmjs.org/@eslint/config-array/-/config-array-0.21.2.tgz. Extracting by manifest.
368 silly tarball no local data for @eslint-community/eslint-utils@https://registry.npmjs.org/@eslint-community/eslint-utils/-/eslint-utils-4.9.1.tgz. Extracting by manifest.
369 silly tarball no local data for @eslint-community/regexpp@https://registry.npmjs.org/@eslint-community/regexpp/-/regexpp-4.12.2.tgz. Extracting by manifest.
370 silly tarball no local data for @emnapi/runtime@https://registry.npmjs.org/@emnapi/runtime/-/runtime-1.9.2.tgz. Extracting by manifest.
371 silly tarball no local data for @emnapi/core@https://registry.npmjs.org/@emnapi/core/-/core-1.9.2.tgz. Extracting by manifest.
372 silly tarball no local data for @babel/types@https://registry.npmjs.org/@babel/types/-/types-7.29.0.tgz. Extracting by manifest.
373 silly tarball no local data for @babel/template@https://registry.npmjs.org/@babel/template/-/template-7.28.6.tgz. Extracting by manifest.
374 silly tarball no local data for @babel/traverse@https://registry.npmjs.org/@babel/traverse/-/traverse-7.29.0.tgz. Extracting by manifest.
375 silly tarball no local data for @babel/parser@https://registry.npmjs.org/@babel/parser/-/parser-7.29.2.tgz. Extracting by manifest.
376 silly tarball no local data for @babel/helpers@https://registry.npmjs.org/@babel/helpers/-/helpers-7.29.2.tgz. Extracting by manifest.
377 silly tarball no local data for @babel/helper-validator-option@https://registry.npmjs.org/@babel/helper-validator-option/-/helper-validator-option-7.27.1.tgz. Extracting by manifest.
378 silly tarball no local data for @babel/helper-validator-identifier@https://registry.npmjs.org/@babel/helper-validator-identifier/-/helper-validator-identifier-7.28.5.tgz. Extracting by manifest.
379 silly tarball no local data for @babel/helper-string-parser@https://registry.npmjs.org/@babel/helper-string-parser/-/helper-string-parser-7.27.1.tgz. Extracting by manifest.
380 silly tarball no local data for @babel/helper-module-transforms@https://registry.npmjs.org/@babel/helper-module-transforms/-/helper-module-transforms-7.28.6.tgz. Extracting by manifest.
381 silly tarball no local data for @babel/helper-module-imports@https://registry.npmjs.org/@babel/helper-module-imports/-/helper-module-imports-7.28.6.tgz. Extracting by manifest.
382 silly tarball no local data for @emnapi/wasi-threads@https://registry.npmjs.org/@emnapi/wasi-threads/-/wasi-threads-1.2.1.tgz. Extracting by manifest.
383 silly tarball no local data for @babel/helper-globals@https://registry.npmjs.org/@babel/helper-globals/-/helper-globals-7.28.0.tgz. Extracting by manifest.
384 silly tarball no local data for @babel/helper-compilation-targets@https://registry.npmjs.org/@babel/helper-compilation-targets/-/helper-compilation-targets-7.28.6.tgz. Extracting by manifest.
385 silly tarball no local data for @babel/generator@https://registry.npmjs.org/@babel/generator/-/generator-7.29.1.tgz. Extracting by manifest.
386 silly tarball no local data for @babel/core@https://registry.npmjs.org/@babel/core/-/core-7.29.0.tgz. Extracting by manifest.
387 silly tarball no local data for @babel/code-frame@https://registry.npmjs.org/@babel/code-frame/-/code-frame-7.29.0.tgz. Extracting by manifest.
388 silly tarball no local data for @babel/compat-data@https://registry.npmjs.org/@babel/compat-data/-/compat-data-7.29.0.tgz. Extracting by manifest.
389 silly tarball no local data for @rolldown/pluginutils@https://registry.npmjs.org/@rolldown/pluginutils/-/pluginutils-1.0.0-rc.15.tgz. Extracting by manifest.
390 silly tarball no local data for globals@https://registry.npmjs.org/globals/-/globals-14.0.0.tgz. Extracting by manifest.
391 silly tarball no local data for eslint-visitor-keys@https://registry.npmjs.org/eslint-visitor-keys/-/eslint-visitor-keys-3.4.3.tgz. Extracting by manifest.
392 http fetch GET 200 https://registry.npmjs.org/word-wrap/-/word-wrap-1.2.5.tgz 131ms (cache miss)
393 http fetch GET 200 https://registry.npmjs.org/strip-json-comments/-/strip-json-comments-3.1.1.tgz 129ms (cache miss)
394 http fetch GET 200 https://registry.npmjs.org/yallist/-/yallist-3.1.1.tgz 132ms (cache miss)
395 http fetch GET 200 https://registry.npmjs.org/supports-color/-/supports-color-7.2.0.tgz 130ms (cache miss)
396 http fetch GET 200 https://registry.npmjs.org/which/-/which-2.0.2.tgz 132ms (cache miss)
397 http fetch GET 200 https://registry.npmjs.org/yocto-queue/-/yocto-queue-0.1.0.tgz 133ms (cache miss)
398 http fetch GET 200 https://registry.npmjs.org/type-check/-/type-check-0.4.0.tgz 135ms (cache miss)
399 http fetch GET 200 https://registry.npmjs.org/update-browserslist-db/-/update-browserslist-db-1.2.3.tgz 140ms (cache miss)
400 http fetch GET 200 https://registry.npmjs.org/shebang-command/-/shebang-command-2.0.0.tgz 140ms (cache miss)
401 http fetch GET 200 https://registry.npmjs.org/tslib/-/tslib-2.8.1.tgz 143ms (cache miss)
402 http fetch POST 200 https://registry.npmjs.org/-/npm/v1/security/advisories/bulk 187ms
403 silly audit report {}
404 http fetch GET 200 https://registry.npmjs.org/shebang-regex/-/shebang-regex-3.0.0.tgz 145ms (cache miss)
405 http fetch GET 200 https://registry.npmjs.org/resolve-from/-/resolve-from-4.0.0.tgz 146ms (cache miss)
406 http fetch GET 200 https://registry.npmjs.org/tinyglobby/-/tinyglobby-0.2.16.tgz 149ms (cache miss)
407 http fetch GET 200 https://registry.npmjs.org/zod-validation-error/-/zod-validation-error-4.0.2.tgz 158ms (cache miss)
408 http fetch GET 200 https://registry.npmjs.org/semver/-/semver-6.3.1.tgz 154ms (cache miss)
409 http fetch GET 200 https://registry.npmjs.org/source-map-js/-/source-map-js-1.2.1.tgz 159ms (cache miss)
410 http fetch GET 200 https://registry.npmjs.org/scheduler/-/scheduler-0.27.0.tgz 175ms (cache miss)
411 http fetch GET 200 https://registry.npmjs.org/punycode/-/punycode-2.3.1.tgz 175ms (cache miss)
412 http fetch GET 200 https://registry.npmjs.org/path-key/-/path-key-3.1.1.tgz 177ms (cache miss)
413 http fetch GET 200 https://registry.npmjs.org/react/-/react-19.2.5.tgz 178ms (cache miss)
414 http fetch GET 200 https://registry.npmjs.org/path-exists/-/path-exists-4.0.0.tgz 177ms (cache miss)
415 http fetch GET 200 https://registry.npmjs.org/p-limit/-/p-limit-3.1.0.tgz 180ms (cache miss)
416 http fetch GET 200 https://registry.npmjs.org/p-locate/-/p-locate-5.0.0.tgz 181ms (cache miss)
417 http fetch GET 200 https://registry.npmjs.org/picocolors/-/picocolors-1.1.1.tgz 181ms (cache miss)
418 http fetch GET 200 https://registry.npmjs.org/prelude-ls/-/prelude-ls-1.2.1.tgz 182ms (cache miss)
419 http fetch GET 200 https://registry.npmjs.org/uri-js/-/uri-js-4.4.1.tgz 189ms (cache miss)
420 http fetch GET 200 https://registry.npmjs.org/picomatch/-/picomatch-4.0.4.tgz 190ms (cache miss)
421 http fetch GET 200 https://registry.npmjs.org/natural-compare/-/natural-compare-1.4.0.tgz 197ms (cache miss)
422 http fetch GET 200 https://registry.npmjs.org/nanoid/-/nanoid-3.3.11.tgz 206ms (cache miss)
423 http fetch GET 200 https://registry.npmjs.org/minimatch/-/minimatch-3.1.5.tgz 205ms (cache miss)
424 http fetch GET 200 https://registry.npmjs.org/locate-path/-/locate-path-6.0.0.tgz 212ms (cache miss)
425 http fetch GET 200 https://registry.npmjs.org/postcss/-/postcss-8.5.9.tgz 216ms (cache miss)
426 http fetch GET 200 https://registry.npmjs.org/lru-cache/-/lru-cache-5.1.1.tgz 217ms (cache miss)
427 http fetch GET 200 https://registry.npmjs.org/lodash.merge/-/lodash.merge-4.6.2.tgz 217ms (cache miss)
428 http fetch GET 200 https://registry.npmjs.org/parent-module/-/parent-module-1.0.1.tgz 218ms (cache miss)
429 http fetch GET 200 https://registry.npmjs.org/levn/-/levn-0.4.1.tgz 217ms (cache miss)
430 http fetch GET 200 https://registry.npmjs.org/node-releases/-/node-releases-2.0.37.tgz 218ms (cache miss)
431 http fetch GET 200 https://registry.npmjs.org/optionator/-/optionator-0.9.4.tgz 218ms (cache miss)
432 http fetch GET 200 https://registry.npmjs.org/ms/-/ms-2.1.3.tgz 218ms (cache miss)
433 http fetch GET 200 https://registry.npmjs.org/rolldown/-/rolldown-1.0.0-rc.15.tgz 222ms (cache miss)
434 http fetch GET 200 https://registry.npmjs.org/lightningcss/-/lightningcss-1.32.0.tgz 227ms (cache miss)
435 http fetch GET 200 https://registry.npmjs.org/json-schema-traverse/-/json-schema-traverse-0.4.1.tgz 233ms (cache miss)
436 http fetch GET 200 https://registry.npmjs.org/json-stable-stringify-without-jsonify/-/json-stable-stringify-without-jsonify-1.0.1.tgz 234ms (cache miss)
437 http fetch GET 200 https://registry.npmjs.org/json5/-/json5-2.2.3.tgz 237ms (cache miss)
438 http fetch GET 200 https://registry.npmjs.org/json-buffer/-/json-buffer-3.0.1.tgz 243ms (cache miss)
439 http fetch GET 200 https://registry.npmjs.org/keyv/-/keyv-4.5.4.tgz 244ms (cache miss)
440 http fetch GET 200 https://registry.npmjs.org/jsesc/-/jsesc-3.1.0.tgz 244ms (cache miss)
441 http fetch GET 200 https://registry.npmjs.org/isexe/-/isexe-2.0.0.tgz 244ms (cache miss)
442 http fetch GET 200 https://registry.npmjs.org/is-glob/-/is-glob-4.0.3.tgz 244ms (cache miss)
443 http fetch GET 200 https://registry.npmjs.org/js-tokens/-/js-tokens-4.0.0.tgz 245ms (cache miss)
444 http fetch GET 200 https://registry.npmjs.org/imurmurhash/-/imurmurhash-0.1.4.tgz 245ms (cache miss)
445 http fetch GET 200 https://registry.npmjs.org/import-fresh/-/import-fresh-3.3.1.tgz 246ms (cache miss)
446 http fetch GET 200 https://registry.npmjs.org/vite/-/vite-8.0.8.tgz 253ms (cache miss)
447 http fetch GET 200 https://registry.npmjs.org/is-extglob/-/is-extglob-2.1.1.tgz 247ms (cache miss)
448 http fetch GET 200 https://registry.npmjs.org/ignore/-/ignore-5.3.2.tgz 255ms (cache miss)
449 http fetch GET 200 https://registry.npmjs.org/has-flag/-/has-flag-4.0.0.tgz 266ms (cache miss)
450 http fetch GET 200 https://registry.npmjs.org/glob-parent/-/glob-parent-6.0.2.tgz 268ms (cache miss)
451 http fetch GET 200 https://registry.npmjs.org/find-up/-/find-up-5.0.0.tgz 275ms (cache miss)
452 http fetch GET 200 https://registry.npmjs.org/flatted/-/flatted-3.4.2.tgz 277ms (cache miss)
453 http fetch GET 200 https://registry.npmjs.org/file-entry-cache/-/file-entry-cache-8.0.0.tgz 283ms (cache miss)
454 http fetch GET 200 https://registry.npmjs.org/hermes-estree/-/hermes-estree-0.25.1.tgz 285ms (cache miss)
455 http fetch GET 200 https://registry.npmjs.org/globals/-/globals-17.4.0.tgz 286ms (cache miss)
456 http fetch GET 200 https://registry.npmjs.org/flat-cache/-/flat-cache-4.0.1.tgz 289ms (cache miss)
457 http fetch GET 200 https://registry.npmjs.org/gensync/-/gensync-1.0.0-beta.2.tgz 290ms (cache miss)
458 http fetch GET 200 https://registry.npmjs.org/fdir/-/fdir-6.5.0.tgz 290ms (cache miss)
459 http fetch GET 200 https://registry.npmjs.org/fsevents/-/fsevents-2.3.3.tgz 290ms (cache miss)
460 http fetch GET 200 https://registry.npmjs.org/hermes-parser/-/hermes-parser-0.25.1.tgz 292ms (cache miss)
461 http fetch GET 200 https://registry.npmjs.org/js-yaml/-/js-yaml-4.1.1.tgz 293ms (cache miss)
462 http fetch GET 200 https://registry.npmjs.org/fast-levenshtein/-/fast-levenshtein-2.0.6.tgz 299ms (cache miss)
463 http fetch GET 200 https://registry.npmjs.org/estraverse/-/estraverse-5.3.0.tgz 305ms (cache miss)
464 http fetch GET 200 https://registry.npmjs.org/espree/-/espree-10.4.0.tgz 306ms (cache miss)
465 http fetch GET 200 https://registry.npmjs.org/fast-json-stable-stringify/-/fast-json-stable-stringify-2.1.0.tgz 306ms (cache miss)
466 http fetch GET 200 https://registry.npmjs.org/fast-deep-equal/-/fast-deep-equal-3.1.3.tgz 307ms (cache miss)
467 http fetch GET 200 https://registry.npmjs.org/eslint-visitor-keys/-/eslint-visitor-keys-4.2.1.tgz 307ms (cache miss)
468 http fetch GET 200 https://registry.npmjs.org/esutils/-/esutils-2.0.3.tgz 307ms (cache miss)
469 http fetch GET 200 https://registry.npmjs.org/esrecurse/-/esrecurse-4.3.0.tgz 308ms (cache miss)
470 http fetch GET 200 https://registry.npmjs.org/eslint-plugin-react-refresh/-/eslint-plugin-react-refresh-0.5.2.tgz 320ms (cache miss)
471 http fetch GET 200 https://registry.npmjs.org/eslint-scope/-/eslint-scope-8.4.0.tgz 323ms (cache miss)
472 http fetch GET 200 https://registry.npmjs.org/react-dom/-/react-dom-19.2.5.tgz 347ms (cache miss)
473 http fetch GET 200 https://registry.npmjs.org/esquery/-/esquery-1.7.0.tgz 343ms (cache miss)
474 http fetch GET 200 https://registry.npmjs.org/escalade/-/escalade-3.2.0.tgz 345ms (cache miss)
475 http fetch GET 200 https://registry.npmjs.org/escape-string-regexp/-/escape-string-regexp-4.0.0.tgz 351ms (cache miss)
476 http fetch GET 200 https://registry.npmjs.org/deep-is/-/deep-is-0.1.4.tgz 351ms (cache miss)
477 http fetch GET 200 https://registry.npmjs.org/concat-map/-/concat-map-0.0.1.tgz 351ms (cache miss)
478 http fetch GET 200 https://registry.npmjs.org/debug/-/debug-4.4.3.tgz 352ms (cache miss)
479 http fetch GET 200 https://registry.npmjs.org/cross-spawn/-/cross-spawn-7.0.6.tgz 353ms (cache miss)
480 http fetch GET 200 https://registry.npmjs.org/electron-to-chromium/-/electron-to-chromium-1.5.334.tgz 363ms (cache miss)
481 http fetch GET 200 https://registry.npmjs.org/color-convert/-/color-convert-2.0.1.tgz 371ms (cache miss)
482 http fetch GET 200 https://registry.npmjs.org/color-name/-/color-name-1.1.4.tgz 373ms (cache miss)
483 http fetch GET 200 https://registry.npmjs.org/detect-libc/-/detect-libc-2.1.2.tgz 381ms (cache miss)
484 http fetch GET 200 https://registry.npmjs.org/csstype/-/csstype-3.2.3.tgz 383ms (cache miss)
485 http fetch GET 200 https://registry.npmjs.org/chalk/-/chalk-4.1.2.tgz 388ms (cache miss)
486 http fetch GET 200 https://registry.npmjs.org/convert-source-map/-/convert-source-map-2.0.0.tgz 393ms (cache miss)
487 http fetch GET 200 https://registry.npmjs.org/callsites/-/callsites-3.1.0.tgz 394ms (cache miss)
488 http fetch GET 200 https://registry.npmjs.org/lightningcss-darwin-arm64/-/lightningcss-darwin-arm64-1.32.0.tgz 399ms (cache miss)
489 http fetch GET 200 https://registry.npmjs.org/brace-expansion/-/brace-expansion-1.1.13.tgz 395ms (cache miss)
490 http fetch GET 200 https://registry.npmjs.org/browserslist/-/browserslist-4.28.2.tgz 396ms (cache miss)
491 http fetch GET 200 https://registry.npmjs.org/balanced-match/-/balanced-match-1.0.2.tgz 401ms (cache miss)
492 http fetch GET 200 https://registry.npmjs.org/baseline-browser-mapping/-/baseline-browser-mapping-2.10.17.tgz 406ms (cache miss)
493 http fetch GET 200 https://registry.npmjs.org/argparse/-/argparse-2.0.1.tgz 421ms (cache miss)
494 http fetch GET 200 https://registry.npmjs.org/acorn-jsx/-/acorn-jsx-5.3.2.tgz 424ms (cache miss)
495 http fetch GET 200 https://registry.npmjs.org/ansi-styles/-/ansi-styles-4.3.0.tgz 425ms (cache miss)
496 http fetch GET 200 https://registry.npmjs.org/@types/json-schema/-/json-schema-7.0.15.tgz 432ms (cache miss)
497 http fetch GET 200 https://registry.npmjs.org/@vitejs/plugin-react/-/plugin-react-6.0.1.tgz 433ms (cache miss)
498 http fetch GET 200 https://registry.npmjs.org/@types/estree/-/estree-1.0.8.tgz 446ms (cache miss)
499 http fetch GET 200 https://registry.npmjs.org/@types/react-dom/-/react-dom-19.2.3.tgz 446ms (cache miss)
500 http fetch GET 200 https://registry.npmjs.org/@rolldown/pluginutils/-/pluginutils-1.0.0-rc.7.tgz 458ms (cache miss)
501 http fetch GET 200 https://registry.npmjs.org/eslint-plugin-react-hooks/-/eslint-plugin-react-hooks-7.0.1.tgz 462ms (cache miss)
502 http fetch GET 200 https://registry.npmjs.org/@tybys/wasm-util/-/wasm-util-0.10.1.tgz 467ms (cache miss)
503 http fetch GET 200 https://registry.npmjs.org/@types/react/-/react-19.2.14.tgz 469ms (cache miss)
504 http fetch GET 200 https://registry.npmjs.org/@jridgewell/sourcemap-codec/-/sourcemap-codec-1.5.5.tgz 484ms (cache miss)
505 http fetch GET 200 https://registry.npmjs.org/@oxc-project/types/-/types-0.124.0.tgz 484ms (cache miss)
506 http fetch GET 200 https://registry.npmjs.org/@eslint/plugin-kit/-/plugin-kit-0.4.1.tgz 492ms (cache miss)
507 http fetch GET 200 https://registry.npmjs.org/ajv/-/ajv-6.14.0.tgz 495ms (cache miss)
508 http fetch GET 200 https://registry.npmjs.org/@jridgewell/remapping/-/remapping-2.3.5.tgz 494ms (cache miss)
509 http fetch GET 200 https://registry.npmjs.org/@jridgewell/gen-mapping/-/gen-mapping-0.3.13.tgz 496ms (cache miss)
510 http fetch GET 200 https://registry.npmjs.org/@humanwhocodes/retry/-/retry-0.4.3.tgz 503ms (cache miss)
511 http fetch GET 200 https://registry.npmjs.org/@jridgewell/trace-mapping/-/trace-mapping-0.3.31.tgz 504ms (cache miss)
512 http fetch GET 200 https://registry.npmjs.org/zod/-/zod-4.3.6.tgz 524ms (cache miss)
513 http fetch GET 200 https://registry.npmjs.org/acorn/-/acorn-8.16.0.tgz 510ms (cache miss)
514 http fetch GET 200 https://registry.npmjs.org/@jridgewell/resolve-uri/-/resolve-uri-3.1.2.tgz 510ms (cache miss)
515 http fetch GET 200 https://registry.npmjs.org/eslint/-/eslint-9.39.4.tgz 519ms (cache miss)
516 http fetch GET 200 https://registry.npmjs.org/@eslint/config-array/-/config-array-0.21.2.tgz 530ms (cache miss)
517 http fetch GET 200 https://registry.npmjs.org/@humanfs/core/-/core-0.19.1.tgz 534ms (cache miss)
518 http fetch GET 200 https://registry.npmjs.org/@eslint-community/eslint-utils/-/eslint-utils-4.9.1.tgz 537ms (cache miss)
519 http fetch GET 200 https://registry.npmjs.org/@eslint/core/-/core-0.17.0.tgz 544ms (cache miss)
520 http fetch GET 200 https://registry.npmjs.org/@eslint/config-helpers/-/config-helpers-0.4.2.tgz 547ms (cache miss)
521 http fetch GET 200 https://registry.npmjs.org/@eslint/js/-/js-9.39.4.tgz 554ms (cache miss)
522 http fetch GET 200 https://registry.npmjs.org/@eslint/object-schema/-/object-schema-2.1.7.tgz 556ms (cache miss)
523 http fetch GET 200 https://registry.npmjs.org/@eslint/eslintrc/-/eslintrc-3.3.5.tgz 562ms (cache miss)
524 http fetch GET 200 https://registry.npmjs.org/@emnapi/runtime/-/runtime-1.9.2.tgz 561ms (cache miss)
525 http fetch GET 200 https://registry.npmjs.org/@humanwhocodes/module-importer/-/module-importer-1.0.1.tgz 569ms (cache miss)
526 http fetch GET 200 https://registry.npmjs.org/@eslint-community/regexpp/-/regexpp-4.12.2.tgz 587ms (cache miss)
527 http fetch GET 200 https://registry.npmjs.org/@babel/template/-/template-7.28.6.tgz 588ms (cache miss)
528 http fetch GET 200 https://registry.npmjs.org/@emnapi/core/-/core-1.9.2.tgz 590ms (cache miss)
529 http fetch GET 200 https://registry.npmjs.org/@humanfs/node/-/node-0.16.7.tgz 593ms (cache miss)
530 http fetch GET 200 https://registry.npmjs.org/@babel/helper-validator-identifier/-/helper-validator-identifier-7.28.5.tgz 612ms (cache miss)
531 http fetch GET 200 https://registry.npmjs.org/@babel/helper-module-transforms/-/helper-module-transforms-7.28.6.tgz 623ms (cache miss)
532 http fetch GET 200 https://registry.npmjs.org/@babel/traverse/-/traverse-7.29.0.tgz 627ms (cache miss)
533 http fetch GET 200 https://registry.npmjs.org/@napi-rs/wasm-runtime/-/wasm-runtime-1.1.3.tgz 636ms (cache miss)
534 http fetch GET 200 https://registry.npmjs.org/@babel/helper-validator-option/-/helper-validator-option-7.27.1.tgz 635ms (cache miss)
535 http fetch GET 200 https://registry.npmjs.org/@babel/helper-module-imports/-/helper-module-imports-7.28.6.tgz 636ms (cache miss)
536 http fetch GET 200 https://registry.npmjs.org/@babel/helper-string-parser/-/helper-string-parser-7.27.1.tgz 638ms (cache miss)
537 http fetch GET 200 https://registry.npmjs.org/@babel/parser/-/parser-7.29.2.tgz 639ms (cache miss)
538 http fetch GET 200 https://registry.npmjs.org/@babel/helper-compilation-targets/-/helper-compilation-targets-7.28.6.tgz 649ms (cache miss)
539 http fetch GET 200 https://registry.npmjs.org/@babel/code-frame/-/code-frame-7.29.0.tgz 649ms (cache miss)
540 http fetch GET 200 https://registry.npmjs.org/@rolldown/pluginutils/-/pluginutils-1.0.0-rc.15.tgz 673ms (cache miss)
541 http fetch GET 200 https://registry.npmjs.org/@babel/compat-data/-/compat-data-7.29.0.tgz 673ms (cache miss)
542 http fetch GET 200 https://registry.npmjs.org/globals/-/globals-14.0.0.tgz 673ms (cache miss)
543 http fetch GET 200 https://registry.npmjs.org/eslint-visitor-keys/-/eslint-visitor-keys-3.4.3.tgz 673ms (cache miss)
544 http fetch GET 200 https://registry.npmjs.org/@babel/helper-globals/-/helper-globals-7.28.0.tgz 683ms (cache miss)
545 http fetch GET 200 https://registry.npmjs.org/@babel/generator/-/generator-7.29.1.tgz 685ms (cache miss)
546 http fetch GET 200 https://registry.npmjs.org/caniuse-lite/-/caniuse-lite-1.0.30001787.tgz 717ms (cache miss)
547 http fetch GET 200 https://registry.npmjs.org/@babel/helpers/-/helpers-7.29.2.tgz 712ms (cache miss)
548 http fetch GET 200 https://registry.npmjs.org/@emnapi/wasi-threads/-/wasi-threads-1.2.1.tgz 714ms (cache miss)
549 http fetch GET 200 https://registry.npmjs.org/@babel/core/-/core-7.29.0.tgz 724ms (cache miss)
550 http fetch GET 200 https://registry.npmjs.org/@babel/types/-/types-7.29.0.tgz 732ms (cache miss)
551 http fetch GET 200 https://registry.npmjs.org/@rolldown/binding-darwin-arm64/-/binding-darwin-arm64-1.0.0-rc.15.tgz 913ms (cache miss)
552 silly ADD node_modules/zod-validation-error
553 silly ADD node_modules/zod
554 silly ADD node_modules/yocto-queue
555 silly ADD node_modules/yallist
556 silly ADD node_modules/word-wrap
557 silly ADD node_modules/which
558 silly ADD node_modules/vite
559 silly ADD node_modules/uri-js
560 silly ADD node_modules/update-browserslist-db
561 silly ADD node_modules/type-check
562 silly ADD
563 silly ADD node_modules/tinyglobby
564 silly ADD node_modules/supports-color
565 silly ADD node_modules/strip-json-comments
566 silly ADD node_modules/source-map-js
567 silly ADD node_modules/shebang-regex
568 silly ADD node_modules/shebang-command
569 silly ADD node_modules/semver
570 silly ADD node_modules/scheduler
571 silly ADD node_modules/rolldown
572 silly ADD node_modules/rolldown/node_modules/@rolldown/pluginutils
573 silly ADD node_modules/resolve-from
574 silly ADD node_modules/react-dom
575 silly ADD node_modules/react
576 silly ADD node_modules/punycode
577 silly ADD node_modules/prelude-ls
578 silly ADD node_modules/postcss
579 silly ADD node_modules/picomatch
580 silly ADD node_modules/picocolors
581 silly ADD node_modules/path-key
582 silly ADD node_modules/path-exists
583 silly ADD node_modules/parent-module
584 silly ADD node_modules/p-locate
585 silly ADD node_modules/p-limit
586 silly ADD node_modules/optionator
587 silly ADD node_modules/node-releases
588 silly ADD node_modules/natural-compare
589 silly ADD node_modules/nanoid
590 silly ADD node_modules/ms
591 silly ADD node_modules/minimatch
592 silly ADD node_modules/lru-cache
593 silly ADD node_modules/lodash.merge
594 silly ADD node_modules/locate-path
595 silly ADD
596 silly ADD
597 silly ADD
598 silly ADD
599 silly ADD
600 silly ADD
601 silly ADD
602 silly ADD
603 silly ADD
604 silly ADD node_modules/lightningcss-darwin-arm64
605 silly ADD
606 silly ADD node_modules/lightningcss
607 silly ADD node_modules/levn
608 silly ADD node_modules/keyv
609 silly ADD node_modules/json5
610 silly ADD node_modules/json-stable-stringify-without-jsonify
611 silly ADD node_modules/json-schema-traverse
612 silly ADD node_modules/json-buffer
613 silly ADD node_modules/jsesc
614 silly ADD node_modules/js-yaml
615 silly ADD node_modules/js-tokens
616 silly ADD node_modules/isexe
617 silly ADD node_modules/is-glob
618 silly ADD node_modules/is-extglob
619 silly ADD node_modules/imurmurhash
620 silly ADD node_modules/import-fresh
621 silly ADD node_modules/ignore
622 silly ADD node_modules/hermes-parser
623 silly ADD node_modules/hermes-estree
624 silly ADD node_modules/has-flag
625 silly ADD node_modules/globals
626 silly ADD node_modules/glob-parent
627 silly ADD node_modules/gensync
628 silly ADD node_modules/fsevents
629 silly ADD node_modules/flatted
630 silly ADD node_modules/flat-cache
631 silly ADD node_modules/find-up
632 silly ADD node_modules/file-entry-cache
633 silly ADD node_modules/fdir
634 silly ADD node_modules/fast-levenshtein
635 silly ADD node_modules/fast-json-stable-stringify
636 silly ADD node_modules/fast-deep-equal
637 silly ADD node_modules/esutils
638 silly ADD node_modules/estraverse
639 silly ADD node_modules/esrecurse
640 silly ADD node_modules/esquery
641 silly ADD node_modules/espree
642 silly ADD node_modules/eslint-visitor-keys
643 silly ADD node_modules/eslint-scope
644 silly ADD node_modules/eslint-plugin-react-refresh
645 silly ADD node_modules/eslint-plugin-react-hooks
646 silly ADD node_modules/eslint
647 silly ADD node_modules/escape-string-regexp
648 silly ADD node_modules/escalade
649 silly ADD node_modules/electron-to-chromium
650 silly ADD node_modules/detect-libc
651 silly ADD node_modules/deep-is
652 silly ADD node_modules/debug
653 silly ADD node_modules/csstype
654 silly ADD node_modules/cross-spawn
655 silly ADD node_modules/convert-source-map
656 silly ADD node_modules/concat-map
657 silly ADD node_modules/color-name
658 silly ADD node_modules/color-convert
659 silly ADD node_modules/chalk
660 silly ADD node_modules/caniuse-lite
661 silly ADD node_modules/callsites
662 silly ADD node_modules/browserslist
663 silly ADD node_modules/brace-expansion
664 silly ADD node_modules/baseline-browser-mapping
665 silly ADD node_modules/balanced-match
666 silly ADD node_modules/argparse
667 silly ADD node_modules/ansi-styles
668 silly ADD node_modules/ajv
669 silly ADD node_modules/acorn-jsx
670 silly ADD node_modules/acorn
671 silly ADD node_modules/@vitejs/plugin-react
672 silly ADD node_modules/@types/react-dom
673 silly ADD node_modules/@types/react
674 silly ADD node_modules/@types/json-schema
675 silly ADD node_modules/@types/estree
676 silly ADD
677 silly ADD node_modules/@rolldown/pluginutils
678 silly ADD
679 silly ADD
680 silly ADD
681 silly ADD
682 silly ADD
683 silly ADD
684 silly ADD
685 silly ADD
686 silly ADD
687 silly ADD
688 silly ADD
689 silly ADD
690 silly ADD
691 silly ADD node_modules/@rolldown/binding-darwin-arm64
692 silly ADD
693 silly ADD node_modules/@oxc-project/types
694 silly ADD
695 silly ADD node_modules/@jridgewell/trace-mapping
696 silly ADD node_modules/@jridgewell/sourcemap-codec
697 silly ADD node_modules/@jridgewell/resolve-uri
698 silly ADD node_modules/@jridgewell/remapping
699 silly ADD node_modules/@jridgewell/gen-mapping
700 silly ADD node_modules/@humanwhocodes/retry
701 silly ADD node_modules/@humanwhocodes/module-importer
702 silly ADD node_modules/@humanfs/node
703 silly ADD node_modules/@humanfs/core
704 silly ADD node_modules/@eslint/plugin-kit
705 silly ADD node_modules/@eslint/object-schema
706 silly ADD node_modules/@eslint/js
707 silly ADD node_modules/@eslint/eslintrc
708 silly ADD node_modules/@eslint/eslintrc/node_modules/globals
709 silly ADD node_modules/@eslint/core
710 silly ADD node_modules/@eslint/config-helpers
711 silly ADD node_modules/@eslint/config-array
712 silly ADD node_modules/@eslint-community/regexpp
713 silly ADD node_modules/@eslint-community/eslint-utils
714 silly ADD node_modules/@eslint-community/eslint-utils/node_modules/eslint-visitor-keys
715 silly ADD
716 silly ADD
717 silly ADD
718 silly ADD node_modules/@babel/types
719 silly ADD node_modules/@babel/traverse
720 silly ADD node_modules/@babel/template
721 silly ADD node_modules/@babel/parser
722 silly ADD node_modules/@babel/helpers
723 silly ADD node_modules/@babel/helper-validator-option
724 silly ADD node_modules/@babel/helper-validator-identifier
725 silly ADD node_modules/@babel/helper-string-parser
726 silly ADD node_modules/@babel/helper-module-transforms
727 silly ADD node_modules/@babel/helper-module-imports
728 silly ADD node_modules/@babel/helper-globals
729 silly ADD node_modules/@babel/helper-compilation-targets
730 silly ADD node_modules/@babel/generator
731 silly ADD node_modules/@babel/core
732 silly ADD node_modules/@babel/compat-data
733 silly ADD node_modules/@babel/code-frame
734 verbose cwd /Users/adityasenthil/PersonalProjects/Google_Detroit_Hackathon/safelease-frontend
735 verbose os Darwin 24.6.0
736 verbose node v23.6.1
737 verbose npm  v11.1.0
738 verbose exit 0
739 info ok
