0 verbose cli /opt/homebrew/Cellar/node/23.6.1/bin/node /opt/homebrew/bin/npm
1 info using npm@11.1.0
2 info using node@v23.6.1
3 silly config load:file:/opt/homebrew/lib/node_modules/npm/npmrc
4 silly config load:file:/Users/adityasenthil/PersonalProjects/Google_Detroit_Hackathon/.npmrc
5 silly config load:file:/Users/adityasenthil/.npmrc
6 silly config load:file:/opt/homebrew/etc/npmrc
7 verbose title npm run dev
8 verbose argv "run" "dev"
9 verbose logfile logs-max:10 dir:/Users/adityasenthil/PersonalProjects/Google_Detroit_Hackathon/.npm/_logs/2026-04-10T15_46_49_558Z-
10 verbose logfile /Users/adityasenthil/PersonalProjects/Google_Detroit_Hackathon/.npm/_logs/2026-04-10T15_46_49_558Z-debug-0.log
11 silly logfile done cleaning log files
12 verbose stack Error: Missing script: "dev"
12 verbose stack
12 verbose stack To see a list of scripts, run:
12 verbose stack   npm run
12 verbose stack     at #run (/opt/homebrew/lib/node_modules/npm/lib/commands/run-script.js:111:13)
12 verbose stack     at async RunScript.exec (/opt/homebrew/lib/node_modules/npm/lib/commands/run-script.js:40:7)
12 verbose stack     at async Npm.exec (/opt/homebrew/lib/node_modules/npm/lib/npm.js:207:9)
12 verbose stack     at async module.exports (/opt/homebrew/lib/node_modules/npm/lib/cli/entry.js:67:5)
13 error Missing script: "dev"
13 error
13 error To see a list of scripts, run:
13 error   npm run
14 verbose cwd /Users/adityasenthil/PersonalProjects/Google_Detroit_Hackathon
15 verbose os Darwin 24.6.0
16 verbose node v23.6.1
17 verbose npm  v11.1.0
18 verbose exit 1
19 verbose code 1
20 error A complete log of this run can be found in: /Users/adityasenthil/PersonalProjects/Google_Detroit_Hackathon/.npm/_logs/2026-04-10T15_46_49_558Z-debug-0.log
